#
# There is insufficient memory for the Java Runtime Environment to continue.
# Native memory allocation (mmap) failed to map 170917888 bytes for committing reserved memory.
# Possible reasons:
#   The system is out of physical RAM or swap space
#   The process is running with CompressedOops enabled, and the Java Heap may be blocking the growth of the native heap
# Possible solutions:
#   Reduce memory load on the system
#   Increase physical memory or swap space
#   Check if swap backing store is full
#   Decrease Java heap size (-Xmx/-Xms)
#   Decrease number of Java threads
#   Decrease Java thread stack sizes (-Xss)
#   Set larger code cache with -XX:ReservedCodeCacheSize=
#   JVM is running with Unscaled Compressed Oops mode in which the Java heap is
#     placed in the first 4GB address space. The Java Heap base address is the
#     maximum limit for the native heap growth. Please use -XX:HeapBaseMinAddress
#     to set the Java Heap base and to place the Java Heap above 4GB virtual address.
# This output file may be truncated or incomplete.
#
#  Out of Memory Error (os_linux.cpp:2706), pid=8744, tid=8769
#
# JRE version: OpenJDK Runtime Environment (10.0.1+10) (build 10.0.1+10-Ubuntu-3ubuntu1)
# Java VM: OpenJDK 64-Bit Server VM (10.0.1+10-Ubuntu-3ubuntu1, mixed mode, tiered, compressed oops, g1 gc, linux-amd64)
# Core dump will be written. Default location: Core dumps may be processed with "/usr/share/apport/apport %p %s %c %d %P" (or dumping to /home/paul/Documents/Projects/KWC/android/core.8744)
#

---------------  S U M M A R Y ------------

Command Line: -XX:+HeapDumpOnOutOfMemoryError -Xmx1024m -Dfile.encoding=UTF-8 -Duser.country=US -Duser.language=en -Duser.variant org.gradle.launcher.daemon.bootstrap.GradleDaemon 4.4

Host: Intel(R) Core(TM) i5-8250U CPU @ 1.60GHz, 8 cores, 7G, Ubuntu 18.04 LTS
Time: Sun Jul 15 22:35:15 2018 CEST elapsed time: 63 seconds (0d 0h 1m 3s)

---------------  T H R E A D  ---------------

Current thread (0x00007f378c121800):  VMThread "VM Thread" [stack: 0x00007f3748413000,0x00007f3748513000] [id=8769]

Stack: [0x00007f3748413000,0x00007f3748513000],  sp=0x00007f37485110a0,  free space=1016k
Native frames: (J=compiled Java code, A=aot compiled Java code, j=interpreted, Vv=VM code, C=native code)
V  [libjvm.so+0xd27dc4]
V  [libjvm.so+0xd2896b]
V  [libjvm.so+0x64d415]
V  [libjvm.so+0xb2d6e8]
V  [libjvm.so+0xb25f3d]
V  [libjvm.so+0x7662ff]
V  [libjvm.so+0x76653e]
V  [libjvm.so+0x769500]
V  [libjvm.so+0x7efa1c]
V  [libjvm.so+0x7f06df]
V  [libjvm.so+0x7f0b59]
V  [libjvm.so+0x7162cf]
V  [libjvm.so+0x71a3ba]
V  [libjvm.so+0xd39f28]
V  [libjvm.so+0xd38791]
V  [libjvm.so+0xd35a5b]
V  [libjvm.so+0xd3707e]
V  [libjvm.so+0xd374a8]
V  [libjvm.so+0xb33c60]

VM_Operation (0x00007f36b43e59f0): G1IncCollectionPause, mode: safepoint, requested by thread 0x00005638f4d9d800


---------------  P R O C E S S  ---------------

Threads class SMR info:
_java_thread_list=0x00007f36e40057e0, length=51, elements={
0x00007f378c012000, 0x00007f378c12b800, 0x00007f378c12d800, 0x00007f378c137000,
0x00007f378c141800, 0x00007f378c143800, 0x00007f378c145800, 0x00007f378c147800,
0x00007f378c149800, 0x00007f378c1d6000, 0x00007f378c1ef000, 0x00007f378cdde800,
0x00007f378ce08800, 0x00007f36e0043800, 0x00007f36d8004800, 0x00007f36d800e800,
0x00007f36d800c000, 0x00007f36d4008800, 0x00007f36d400c000, 0x00007f36d411d800,
0x00007f36d4126000, 0x00007f36d4016800, 0x00007f36d4af4800, 0x00007f36d4ba9800,
0x00007f36d4baa800, 0x00007f36d4bab800, 0x00007f36d4bad000, 0x00007f36d4baf000,
0x00007f36d4bb1000, 0x00007f36d4bb2800, 0x00007f36d4bb4800, 0x00007f36d4ffc000,
0x00007f36d5701000, 0x00007f36d571d800, 0x00007f36d5719000, 0x00007f36d572e000,
0x00007f36d5724000, 0x00007f36d5725000, 0x00007f36d5726800, 0x00007f36d5728000,
0x00007f36d5735000, 0x00007f36d5737000, 0x00007f368400a000, 0x00007f367806c800,
0x00007f367805a000, 0x00005638f4d9a000, 0x00005638f4d9b800, 0x00005638f4d9d800,
0x00007f367c00b800, 0x00005638f4da0000, 0x00007f36844bd000
}

Java Threads: ( => current thread )
  0x00007f378c012000 JavaThread "main" [_thread_blocked, id=8745, stack(0x00007f3793b35000,0x00007f3793c36000)]
  0x00007f378c12b800 JavaThread "Reference Handler" daemon [_thread_blocked, id=8770, stack(0x00007f3748310000,0x00007f3748411000)]
  0x00007f378c12d800 JavaThread "Finalizer" daemon [_thread_blocked, id=8771, stack(0x00007f374820f000,0x00007f3748310000)]
  0x00007f378c137000 JavaThread "Signal Dispatcher" daemon [_thread_blocked, id=8772, stack(0x00007f374810e000,0x00007f374820f000)]
  0x00007f378c141800 JavaThread "C2 CompilerThread0" daemon [_thread_blocked, id=8773, stack(0x00007f374800d000,0x00007f374810e000)]
  0x00007f378c143800 JavaThread "C2 CompilerThread1" daemon [_thread_in_native, id=8774, stack(0x00007f370f52f000,0x00007f370f630000)]
  0x00007f378c145800 JavaThread "C2 CompilerThread2" daemon [_thread_blocked, id=8775, stack(0x00007f370f42e000,0x00007f370f52f000)]
  0x00007f378c147800 JavaThread "C1 CompilerThread3" daemon [_thread_blocked, id=8776, stack(0x00007f370f32d000,0x00007f370f42e000)]
  0x00007f378c149800 JavaThread "Sweeper thread" daemon [_thread_blocked, id=8777, stack(0x00007f370f22c000,0x00007f370f32d000)]
  0x00007f378c1d6000 JavaThread "Service Thread" daemon [_thread_blocked, id=8778, stack(0x00007f370f12b000,0x00007f370f22c000)]
  0x00007f378c1ef000 JavaThread "Common-Cleaner" daemon [_thread_blocked, id=8780, stack(0x00007f370ef28000,0x00007f370f029000)]
  0x00007f378cdde800 JavaThread "Incoming local TCP Connector on port 36763" [_thread_in_native, id=8781, stack(0x00007f370dbeb000,0x00007f370dcec000)]
  0x00007f378ce08800 JavaThread "Daemon periodic checks" [_thread_blocked, id=8782, stack(0x00007f370daea000,0x00007f370dbeb000)]
  0x00007f36e0043800 JavaThread "Daemon" [_thread_blocked, id=8783, stack(0x00007f370d9e9000,0x00007f370daea000)]
  0x00007f36d8004800 JavaThread "Handler for socket connection from /0:0:0:0:0:0:0:1:36763 to /0:0:0:0:0:0:0:1:54070" [_thread_in_native, id=8784, stack(0x00007f370d8e8000,0x00007f370d9e9000)]
  0x00007f36d800e800 JavaThread "Cancel handler" [_thread_blocked, id=8785, stack(0x00007f370d5e7000,0x00007f370d6e8000)]
  0x00007f36d800c000 JavaThread "Daemon worker" [_thread_blocked, id=8786, stack(0x00007f370d4e6000,0x00007f370d5e7000)]
  0x00007f36d4008800 JavaThread "Asynchronous log dispatcher for DefaultDaemonConnection: socket connection from /0:0:0:0:0:0:0:1:36763 to /0:0:0:0:0:0:0:1:54070" [_thread_blocked, id=8787, stack(0x00007f370d3e5000,0x00007f370d4e6000)]
  0x00007f36d400c000 JavaThread "Stdin handler" [_thread_blocked, id=8789, stack(0x00007f370d2e4000,0x00007f370d3e5000)]
  0x00007f36d411d800 JavaThread "Cache worker for file hash cache (/home/paul/.gradle/caches/4.4/fileHashes)" [_thread_blocked, id=8791, stack(0x00007f370cfe3000,0x00007f370d0e4000)]
  0x00007f36d4126000 JavaThread "File lock request listener" [_thread_in_native, id=8792, stack(0x00007f370cee2000,0x00007f370cfe3000)]
  0x00007f36d4016800 JavaThread "Cache worker for file hash cache (/home/paul/Documents/Projects/KWC/android/.gradle/4.4/fileHashes)" [_thread_blocked, id=8794, stack(0x00007f370cde1000,0x00007f370cee2000)]
  0x00007f36d4af4800 JavaThread "Cache worker for Artifact transforms cache (/home/paul/.gradle/caches/transforms-1)" [_thread_blocked, id=8797, stack(0x00007f370c0e0000,0x00007f370c1e1000)]
  0x00007f36d4ba9800 JavaThread "build operations" [_thread_blocked, id=8798, stack(0x00007f36b7cff000,0x00007f36b7e00000)]
  0x00007f36d4baa800 JavaThread "build operations Thread 2" [_thread_blocked, id=8799, stack(0x00007f36b7bfe000,0x00007f36b7cff000)]
  0x00007f36d4bab800 JavaThread "build operations Thread 3" [_thread_blocked, id=8800, stack(0x00007f36b7afd000,0x00007f36b7bfe000)]
  0x00007f36d4bad000 JavaThread "build operations Thread 4" [_thread_blocked, id=8801, stack(0x00007f36b79fc000,0x00007f36b7afd000)]
  0x00007f36d4baf000 JavaThread "build operations Thread 5" [_thread_blocked, id=8802, stack(0x00007f36b78fb000,0x00007f36b79fc000)]
  0x00007f36d4bb1000 JavaThread "build operations Thread 6" [_thread_blocked, id=8803, stack(0x00007f36b77fa000,0x00007f36b78fb000)]
  0x00007f36d4bb2800 JavaThread "build operations Thread 7" [_thread_blocked, id=8804, stack(0x00007f36b76f9000,0x00007f36b77fa000)]
  0x00007f36d4bb4800 JavaThread "build operations Thread 8" [_thread_blocked, id=8805, stack(0x00007f36b75f8000,0x00007f36b76f9000)]
  0x00007f36d4ffc000 JavaThread "Memory manager" [_thread_blocked, id=8806, stack(0x00007f36b70f7000,0x00007f36b71f8000)]
  0x00007f36d5701000 JavaThread "Cache worker for file content cache (/home/paul/Documents/Projects/KWC/android/.gradle/4.4/fileContent)" [_thread_blocked, id=8807, stack(0x00007f36b5df6000,0x00007f36b5ef7000)]
  0x00007f36d571d800 JavaThread "Cache worker for task history cache (/home/paul/Documents/Projects/KWC/android/.gradle/4.4/taskHistory)" [_thread_blocked, id=8809, stack(0x00007f36b5cf5000,0x00007f36b5df6000)]
  0x00007f36d5719000 JavaThread "Cache worker for Build Output Cleanup Cache (/home/paul/Documents/Projects/KWC/android/.gradle/buildOutputCleanup)" [_thread_blocked, id=8810, stack(0x00007f36b5bf4000,0x00007f36b5cf5000)]
  0x00007f36d572e000 JavaThread "Task worker for ':'" [_thread_blocked, id=8811, stack(0x00007f36b5af3000,0x00007f36b5bf4000)]
  0x00007f36d5724000 JavaThread "Task worker for ':' Thread 2" [_thread_blocked, id=8812, stack(0x00007f36b59f2000,0x00007f36b5af3000)]
  0x00007f36d5725000 JavaThread "Task worker for ':' Thread 3" [_thread_blocked, id=8813, stack(0x00007f36b58f1000,0x00007f36b59f2000)]
  0x00007f36d5726800 JavaThread "Task worker for ':' Thread 4" [_thread_blocked, id=8814, stack(0x00007f36b57f0000,0x00007f36b58f1000)]
  0x00007f36d5728000 JavaThread "Task worker for ':' Thread 5" [_thread_blocked, id=8815, stack(0x00007f36b56ef000,0x00007f36b57f0000)]
  0x00007f36d5735000 JavaThread "Task worker for ':' Thread 6" [_thread_blocked, id=8816, stack(0x00007f36b55ee000,0x00007f36b56ef000)]
  0x00007f36d5737000 JavaThread "Task worker for ':' Thread 7" [_thread_blocked, id=8817, stack(0x00007f36b54ed000,0x00007f36b55ee000)]
  0x00007f368400a000 JavaThread "Cache worker for Java compile cache (/home/paul/Documents/Projects/KWC/android/.gradle/4.4/javaCompile)" [_thread_blocked, id=8820, stack(0x00007f36b51ec000,0x00007f36b52ed000)]
  0x00007f367806c800 JavaThread "ForkJoinPool.commonPool-worker-9" daemon [_thread_blocked, id=8824, stack(0x00007f36b48eb000,0x00007f36b49ec000)]
  0x00007f367805a000 JavaThread "ForkJoinPool.commonPool-worker-2" daemon [_thread_blocked, id=8825, stack(0x00007f36b47ea000,0x00007f36b48eb000)]
  0x00005638f4d9a000 JavaThread "ForkJoinPool.commonPool-worker-11" daemon [_thread_blocked, id=8829, stack(0x00007f36b44e9000,0x00007f36b45ea000)]
  0x00005638f4d9b800 JavaThread "ForkJoinPool.commonPool-worker-4" daemon [_thread_blocked, id=8830, stack(0x00007f36b43e8000,0x00007f36b44e9000)]
  0x00005638f4d9d800 JavaThread "ForkJoinPool.commonPool-worker-6" daemon [_thread_blocked, id=8831, stack(0x00007f36b42e7000,0x00007f36b43e8000)]
  0x00007f367c00b800 JavaThread "ForkJoinPool.commonPool-worker-13" daemon [_thread_blocked, id=8832, stack(0x00007f36b41e6000,0x00007f36b42e7000)]
  0x00005638f4da0000 JavaThread "ForkJoinPool.commonPool-worker-15" daemon [_thread_blocked, id=8833, stack(0x00007f36b40e5000,0x00007f36b41e6000)]
  0x00007f36844bd000 JavaThread "pool-10-thread-2" [_thread_blocked, id=8872, stack(0x00007f366f8fb000,0x00007f366f9fc000)]

Other Threads:
=>0x00007f378c121800 VMThread "VM Thread" [stack: 0x00007f3748413000,0x00007f3748513000] [id=8769]
  0x00007f378c1d8000 WatcherThread [stack: 0x00007f370f02b000,0x00007f370f12b000] [id=8779]
  0x00007f378c029000 GCTaskThread "GC Thread#0" [stack: 0x00007f3773736000,0x00007f3773836000] [id=8746]
  0x00007f378c02a800 GCTaskThread "GC Thread#1" [stack: 0x00007f3773634000,0x00007f3773734000] [id=8747]
  0x00007f378c02c000 GCTaskThread "GC Thread#2" [stack: 0x00007f3773532000,0x00007f3773632000] [id=8748]
  0x00007f378c02d800 GCTaskThread "GC Thread#3" [stack: 0x00007f3773430000,0x00007f3773530000] [id=8749]
  0x00007f378c02f800 GCTaskThread "GC Thread#4" [stack: 0x00007f377332e000,0x00007f377342e000] [id=8750]
  0x00007f378c031000 GCTaskThread "GC Thread#5" [stack: 0x00007f377322c000,0x00007f377332c000] [id=8751]
  0x00007f378c033000 GCTaskThread "GC Thread#6" [stack: 0x00007f377312a000,0x00007f377322a000] [id=8752]
  0x00007f378c034800 GCTaskThread "GC Thread#7" [stack: 0x00007f3773028000,0x00007f3773128000] [id=8753]
  0x00007f378c04c800 ConcurrentGCThread "G1 Main Marker" [stack: 0x00007f377011e000,0x00007f377021e000] [id=8754]
  0x00007f378c04e000 ConcurrentGCThread "G1 Conc#0" [stack: 0x00007f377001c000,0x00007f377011c000] [id=8755]
  0x00007f378c050000 ConcurrentGCThread "G1 Conc#1" [stack: 0x00007f374bf00000,0x00007f374c000000] [id=8756]
  0x00007f378c0b3800 ConcurrentGCThread "G1 Refine#0" [stack: 0x00007f37495f6000,0x00007f37496f6000] [id=8758]
  0x00007f378c0b5000 ConcurrentGCThread "G1 Refine#1" [stack: 0x00007f37494f4000,0x00007f37495f4000] [id=8759]
  0x00007f378c0b7000 ConcurrentGCThread "G1 Refine#2" [stack: 0x00007f37493f2000,0x00007f37494f2000] [id=8760]
  0x00007f378c0b8800 ConcurrentGCThread "G1 Refine#3" [stack: 0x00007f37492f0000,0x00007f37493f0000] [id=8761]
  0x00007f378c0ba800 ConcurrentGCThread "G1 Refine#4" [stack: 0x00007f37491ee000,0x00007f37492ee000] [id=8762]
  0x00007f378c0bc000 ConcurrentGCThread "G1 Refine#5" [stack: 0x00007f37490ec000,0x00007f37491ec000] [id=8763]
  0x00007f378c0be000 ConcurrentGCThread "G1 Refine#6" [stack: 0x00007f3748fea000,0x00007f37490ea000] [id=8764]
  0x00007f378c0bf800 ConcurrentGCThread "G1 Refine#7" [stack: 0x00007f3748ee8000,0x00007f3748fe8000] [id=8765]
  0x00007f378c0c1000 ConcurrentGCThread "G1 Young RemSet Sampling" [stack: 0x00007f3748de6000,0x00007f3748ee6000] [id=8766]

Threads with active compile tasks:
C2 CompilerThread014258  s    4       java.io.ByteArrayInputStream::read (101 bytes)
C2 CompilerThread114255   !   4       java.util.zip.Deflater::finished (19 bytes)
C1 CompilerThread314256       3       com.google.common.util.concurrent.AbstractFuture$TrustedFuture::<init> (5 bytes)

VM state:at safepoint (normal execution)

VM Mutex/Monitor currently owned by a thread:  ([mutex/lock_event])
[0x00007f378c00e410] Threads_lock - owner thread: 0x00007f378c121800
[0x00007f378c00e9b0] Heap_lock - owner thread: 0x00005638f4d9d800

Heap address: 0x00000000c0000000, size: 1024 MB, Compressed Oops mode: 32-bit
Narrow klass base: 0x0000000000000000, Narrow klass shift: 3
Compressed class space size: 1073741824 Address: 0x0000000100000000

Heap:
 garbage-first heap   total 382976K, used 118256K [0x00000000c0000000, 0x0000000100000000)
  region size 1024K, 2 young (2048K), 2 survivors (2048K)
 Metaspace       used 84676K, capacity 86865K, committed 87936K, reserved 1126400K
  class space    used 10052K, capacity 10815K, committed 11136K, reserved 1048576K
Heap Regions: E=young(eden), S=young(survivor), O=old, HS=humongous(starts), HC=humongous(continues), CS=collection set, F=free, A=archive, TS=gc time stamp, AC=allocation context, TAMS=top-at-mark-start (previous, next)
|   0|0x00000000c0000000, 0x00000000c0100000, 0x00000000c0100000|100%|HS|  |TS  0|AC  0|TAMS 0x00000000c0100000, 0x00000000c0100000|
|   1|0x00000000c0100000, 0x00000000c0200000, 0x00000000c0200000|100%|HC|  |TS  0|AC  0|TAMS 0x00000000c0200000, 0x00000000c0200000|
|   2|0x00000000c0200000, 0x00000000c0300000, 0x00000000c0300000|100%| O|  |TS  0|AC  0|TAMS 0x00000000c0300000, 0x00000000c0300000|
|   3|0x00000000c0300000, 0x00000000c0400000, 0x00000000c0400000|100%| O|  |TS  0|AC  0|TAMS 0x00000000c0400000, 0x00000000c0400000|
|   4|0x00000000c0400000, 0x00000000c0500000, 0x00000000c0500000|100%|HS|  |TS  0|AC  0|TAMS 0x00000000c0500000, 0x00000000c0500000|
|   5|0x00000000c0500000, 0x00000000c0600000, 0x00000000c0600000|100%|HC|  |TS  0|AC  0|TAMS 0x00000000c0600000, 0x00000000c0600000|
|   6|0x00000000c0600000, 0x00000000c0700000, 0x00000000c0700000|100%| O|  |TS  0|AC  0|TAMS 0x00000000c0700000, 0x00000000c0700000|
|   7|0x00000000c0700000, 0x00000000c0800000, 0x00000000c0800000|100%| O|  |TS  0|AC  0|TAMS 0x00000000c0800000, 0x00000000c0800000|
|   8|0x00000000c0800000, 0x00000000c0900000, 0x00000000c0900000|100%| O|  |TS  0|AC  0|TAMS 0x00000000c0900000, 0x00000000c0900000|
|   9|0x00000000c0900000, 0x00000000c0a00000, 0x00000000c0a00000|100%| O|  |TS  0|AC  0|TAMS 0x00000000c0a00000, 0x00000000c0a00000|
|  10|0x00000000c0a00000, 0x00000000c0b00000, 0x00000000c0b00000|100%| O|  |TS  0|AC  0|TAMS 0x00000000c0b00000, 0x00000000c0b00000|
|  11|0x00000000c0b00000, 0x00000000c0c00000, 0x00000000c0c00000|100%| O|  |TS  0|AC  0|TAMS 0x00000000c0c00000, 0x00000000c0c00000|
|  12|0x00000000c0c00000, 0x00000000c0d00000, 0x00000000c0d00000|100%| O|  |TS  0|AC  0|TAMS 0x00000000c0d00000, 0x00000000c0d00000|
|  13|0x00000000c0d00000, 0x00000000c0e00000, 0x00000000c0e00000|100%| O|  |TS  0|AC  0|TAMS 0x00000000c0e00000, 0x00000000c0e00000|
|  14|0x00000000c0e00000, 0x00000000c0f00000, 0x00000000c0f00000|100%| O|  |TS  0|AC  0|TAMS 0x00000000c0f00000, 0x00000000c0f00000|
|  15|0x00000000c0f00000, 0x00000000c1000000, 0x00000000c1000000|100%| O|  |TS  0|AC  0|TAMS 0x00000000c1000000, 0x00000000c1000000|
|  16|0x00000000c1000000, 0x00000000c1100000, 0x00000000c1100000|100%|HS|  |TS  0|AC  0|TAMS 0x00000000c1100000, 0x00000000c1100000|
|  17|0x00000000c1100000, 0x00000000c1200000, 0x00000000c1200000|100%|HC|  |TS  0|AC  0|TAMS 0x00000000c1200000, 0x00000000c1200000|
|  18|0x00000000c1200000, 0x00000000c1300000, 0x00000000c1300000|100%| O|  |TS  0|AC  0|TAMS 0x00000000c1300000, 0x00000000c1300000|
|  19|0x00000000c1300000, 0x00000000c1400000, 0x00000000c1400000|100%| O|  |TS  0|AC  0|TAMS 0x00000000c1400000, 0x00000000c1400000|
|  20|0x00000000c1400000, 0x00000000c1500000, 0x00000000c1500000|100%| O|  |TS  0|AC  0|TAMS 0x00000000c1500000, 0x00000000c1500000|
|  21|0x00000000c1500000, 0x00000000c1600000, 0x00000000c1600000|100%| O|  |TS  0|AC  0|TAMS 0x00000000c1600000, 0x00000000c1600000|
|  22|0x00000000c1600000, 0x00000000c1700000, 0x00000000c1700000|100%| O|  |TS  0|AC  0|TAMS 0x00000000c1700000, 0x00000000c1700000|
|  23|0x00000000c1700000, 0x00000000c1800000, 0x00000000c1800000|100%| O|  |TS  0|AC  0|TAMS 0x00000000c1800000, 0x00000000c1800000|
|  24|0x00000000c1800000, 0x00000000c1900000, 0x00000000c1900000|100%| O|  |TS  0|AC  0|TAMS 0x00000000c1900000, 0x00000000c1900000|
|  25|0x00000000c1900000, 0x00000000c1a00000, 0x00000000c1a00000|100%| O|  |TS  0|AC  0|TAMS 0x00000000c1a00000, 0x00000000c1a00000|
|  26|0x00000000c1a00000, 0x00000000c1b00000, 0x00000000c1b00000|100%| O|  |TS  0|AC  0|TAMS 0x00000000c1b00000, 0x00000000c1b00000|
|  27|0x00000000c1b00000, 0x00000000c1c00000, 0x00000000c1c00000|100%| O|  |TS  0|AC  0|TAMS 0x00000000c1c00000, 0x00000000c1c00000|
|  28|0x00000000c1c00000, 0x00000000c1d00000, 0x00000000c1d00000|100%| O|  |TS  0|AC  0|TAMS 0x00000000c1d00000, 0x00000000c1d00000|
|  29|0x00000000c1d00000, 0x00000000c1e00000, 0x00000000c1e00000|100%| O|  |TS  0|AC  0|TAMS 0x00000000c1e00000, 0x00000000c1e00000|
|  30|0x00000000c1e00000, 0x00000000c1f00000, 0x00000000c1f00000|100%| O|  |TS  0|AC  0|TAMS 0x00000000c1f00000, 0x00000000c1f00000|
|  31|0x00000000c1f00000, 0x00000000c2000000, 0x00000000c2000000|100%| O|  |TS  0|AC  0|TAMS 0x00000000c2000000, 0x00000000c2000000|
|  32|0x00000000c2000000, 0x00000000c2100000, 0x00000000c2100000|100%| O|  |TS  0|AC  0|TAMS 0x00000000c2100000, 0x00000000c2100000|
|  33|0x00000000c2100000, 0x00000000c2200000, 0x00000000c2200000|100%| O|  |TS  0|AC  0|TAMS 0x00000000c2200000, 0x00000000c2200000|
|  34|0x00000000c2200000, 0x00000000c2300000, 0x00000000c2300000|100%| O|  |TS  0|AC  0|TAMS 0x00000000c2300000, 0x00000000c2300000|
|  35|0x00000000c2300000, 0x00000000c2400000, 0x00000000c2400000|100%| O|  |TS  0|AC  0|TAMS 0x00000000c2400000, 0x00000000c2400000|
|  36|0x00000000c2400000, 0x00000000c2500000, 0x00000000c2500000|100%| O|  |TS  0|AC  0|TAMS 0x00000000c2500000, 0x00000000c2500000|
|  37|0x00000000c2500000, 0x00000000c2600000, 0x00000000c2600000|100%| O|  |TS  0|AC  0|TAMS 0x00000000c2600000, 0x00000000c2600000|
|  38|0x00000000c2600000, 0x00000000c2700000, 0x00000000c2700000|100%| O|  |TS  0|AC  0|TAMS 0x00000000c2700000, 0x00000000c2700000|
|  39|0x00000000c2700000, 0x00000000c2800000, 0x00000000c2800000|100%| O|  |TS  0|AC  0|TAMS 0x00000000c2800000, 0x00000000c2800000|
|  40|0x00000000c2800000, 0x00000000c2900000, 0x00000000c2900000|100%| O|  |TS  0|AC  0|TAMS 0x00000000c2900000, 0x00000000c2900000|
|  41|0x00000000c2900000, 0x00000000c2a00000, 0x00000000c2a00000|100%| O|  |TS  0|AC  0|TAMS 0x00000000c2a00000, 0x00000000c2a00000|
|  42|0x00000000c2a00000, 0x00000000c2b00000, 0x00000000c2b00000|100%| O|  |TS  0|AC  0|TAMS 0x00000000c2b00000, 0x00000000c2b00000|
|  43|0x00000000c2b00000, 0x00000000c2c00000, 0x00000000c2c00000|100%| O|  |TS  0|AC  0|TAMS 0x00000000c2c00000, 0x00000000c2c00000|
|  44|0x00000000c2c00000, 0x00000000c2d00000, 0x00000000c2d00000|100%| O|  |TS  0|AC  0|TAMS 0x00000000c2d00000, 0x00000000c2d00000|
|  45|0x00000000c2d00000, 0x00000000c2e00000, 0x00000000c2e00000|100%| O|  |TS  0|AC  0|TAMS 0x00000000c2e00000, 0x00000000c2e00000|
|  46|0x00000000c2e00000, 0x00000000c2f00000, 0x00000000c2f00000|100%| O|  |TS  0|AC  0|TAMS 0x00000000c2f00000, 0x00000000c2f00000|
|  47|0x00000000c2f00000, 0x00000000c3000000, 0x00000000c3000000|100%| O|  |TS  0|AC  0|TAMS 0x00000000c3000000, 0x00000000c3000000|
|  48|0x00000000c3000000, 0x00000000c3100000, 0x00000000c3100000|100%| O|  |TS  0|AC  0|TAMS 0x00000000c3100000, 0x00000000c3100000|
|  49|0x00000000c3100000, 0x00000000c3200000, 0x00000000c3200000|100%| O|  |TS  0|AC  0|TAMS 0x00000000c3200000, 0x00000000c3200000|
|  50|0x00000000c3200000, 0x00000000c3300000, 0x00000000c3300000|100%| O|  |TS  0|AC  0|TAMS 0x00000000c3300000, 0x00000000c3300000|
|  51|0x00000000c3300000, 0x00000000c3400000, 0x00000000c3400000|100%| O|  |TS  0|AC  0|TAMS 0x00000000c3400000, 0x00000000c3400000|
|  52|0x00000000c3400000, 0x00000000c3500000, 0x00000000c3500000|100%| O|  |TS  0|AC  0|TAMS 0x00000000c3500000, 0x00000000c3500000|
|  53|0x00000000c3500000, 0x00000000c3600000, 0x00000000c3600000|100%| O|  |TS  0|AC  0|TAMS 0x00000000c3600000, 0x00000000c3600000|
|  54|0x00000000c3600000, 0x00000000c3700000, 0x00000000c3700000|100%| O|  |TS  0|AC  0|TAMS 0x00000000c3700000, 0x00000000c3700000|
|  55|0x00000000c3700000, 0x00000000c3800000, 0x00000000c3800000|100%| O|  |TS  0|AC  0|TAMS 0x00000000c3800000, 0x00000000c3800000|
|  56|0x00000000c3800000, 0x00000000c3900000, 0x00000000c3900000|100%| O|  |TS  0|AC  0|TAMS 0x00000000c3900000, 0x00000000c3900000|
|  57|0x00000000c3900000, 0x00000000c3a00000, 0x00000000c3a00000|100%| O|  |TS  0|AC  0|TAMS 0x00000000c3a00000, 0x00000000c3a00000|
|  58|0x00000000c3a00000, 0x00000000c3b00000, 0x00000000c3b00000|100%| O|  |TS  0|AC  0|TAMS 0x00000000c3b00000, 0x00000000c3b00000|
|  59|0x00000000c3b00000, 0x00000000c3c00000, 0x00000000c3c00000|100%| O|  |TS  0|AC  0|TAMS 0x00000000c3c00000, 0x00000000c3c00000|
|  60|0x00000000c3c00000, 0x00000000c3d00000, 0x00000000c3d00000|100%| O|  |TS  0|AC  0|TAMS 0x00000000c3d00000, 0x00000000c3d00000|
|  61|0x00000000c3d00000, 0x00000000c3e00000, 0x00000000c3e00000|100%| O|  |TS  0|AC  0|TAMS 0x00000000c3e00000, 0x00000000c3e00000|
|  62|0x00000000c3e00000, 0x00000000c3f00000, 0x00000000c3f00000|100%| O|  |TS  0|AC  0|TAMS 0x00000000c3f00000, 0x00000000c3f00000|
|  63|0x00000000c3f00000, 0x00000000c4000000, 0x00000000c4000000|100%| O|  |TS  0|AC  0|TAMS 0x00000000c4000000, 0x00000000c4000000|
|  64|0x00000000c4000000, 0x00000000c4000000, 0x00000000c4100000|  0%| F|  |TS  3|AC  0|TAMS 0x00000000c4000000, 0x00000000c4000000|
|  65|0x00000000c4100000, 0x00000000c4200000, 0x00000000c4200000|100%| O|  |TS  0|AC  0|TAMS 0x00000000c4200000, 0x00000000c4200000|
|  66|0x00000000c4200000, 0x00000000c4200000, 0x00000000c4300000|  0%| F|  |TS  3|AC  0|TAMS 0x00000000c4200000, 0x00000000c4200000|
|  67|0x00000000c4300000, 0x00000000c4300000, 0x00000000c4400000|  0%| F|  |TS  3|AC  0|TAMS 0x00000000c4300000, 0x00000000c4300000|
|  68|0x00000000c4400000, 0x00000000c4400000, 0x00000000c4500000|  0%| F|  |TS  3|AC  0|TAMS 0x00000000c4400000, 0x00000000c4400000|
|  69|0x00000000c4500000, 0x00000000c4500000, 0x00000000c4600000|  0%| F|  |TS  3|AC  0|TAMS 0x00000000c4500000, 0x00000000c4500000|
|  70|0x00000000c4600000, 0x00000000c4600000, 0x00000000c4700000|  0%| F|  |TS  3|AC  0|TAMS 0x00000000c4600000, 0x00000000c4600000|
|  71|0x00000000c4700000, 0x00000000c4800000, 0x00000000c4800000|100%| O|  |TS  0|AC  0|TAMS 0x00000000c4800000, 0x00000000c4800000|
|  72|0x00000000c4800000, 0x00000000c4900000, 0x00000000c4900000|100%| O|  |TS  0|AC  0|TAMS 0x00000000c4900000, 0x00000000c4900000|
|  73|0x00000000c4900000, 0x00000000c4a00000, 0x00000000c4a00000|100%|HS|  |TS  0|AC  0|TAMS 0x00000000c4900000, 0x00000000c4900000|
|  74|0x00000000c4a00000, 0x00000000c4b00000, 0x00000000c4b00000|100%|HC|  |TS  0|AC  0|TAMS 0x00000000c4a00000, 0x00000000c4a00000|
|  75|0x00000000c4b00000, 0x00000000c4c00000, 0x00000000c4c00000|100%| O|  |TS  2|AC  0|TAMS 0x00000000c4b00000, 0x00000000c4b00000|
|  76|0x00000000c4c00000, 0x00000000c4c00000, 0x00000000c4d00000|  0%| F|  |TS  3|AC  0|TAMS 0x00000000c4c00000, 0x00000000c4c00000|
|  77|0x00000000c4d00000, 0x00000000c4e00000, 0x00000000c4e00000|100%| O|  |TS  0|AC  0|TAMS 0x00000000c4e00000, 0x00000000c4e00000|
|  78|0x00000000c4e00000, 0x00000000c4f00000, 0x00000000c4f00000|100%| O|  |TS  0|AC  0|TAMS 0x00000000c4f00000, 0x00000000c4f00000|
|  79|0x00000000c4f00000, 0x00000000c5000000, 0x00000000c5000000|100%|HS|  |TS  0|AC  0|TAMS 0x00000000c4f00000, 0x00000000c4f00000|
|  80|0x00000000c5000000, 0x00000000c5100000, 0x00000000c5100000|100%|HS|  |TS  2|AC  0|TAMS 0x00000000c5000000, 0x00000000c5000000|
|  81|0x00000000c5100000, 0x00000000c5100000, 0x00000000c5200000|  0%| F|  |TS  3|AC  0|TAMS 0x00000000c5100000, 0x00000000c5100000|
|  82|0x00000000c5200000, 0x00000000c5200000, 0x00000000c5300000|  0%| F|  |TS  3|AC  0|TAMS 0x00000000c5200000, 0x00000000c5200000|
|  83|0x00000000c5300000, 0x00000000c5300000, 0x00000000c5400000|  0%| F|  |TS  3|AC  0|TAMS 0x00000000c5300000, 0x00000000c5300000|
|  84|0x00000000c5400000, 0x00000000c5400000, 0x00000000c5500000|  0%| F|  |TS  3|AC  0|TAMS 0x00000000c5400000, 0x00000000c5400000|
|  85|0x00000000c5500000, 0x00000000c5500000, 0x00000000c5600000|  0%| F|  |TS  3|AC  0|TAMS 0x00000000c5500000, 0x00000000c5500000|
|  86|0x00000000c5600000, 0x00000000c5600000, 0x00000000c5700000|  0%| F|  |TS  3|AC  0|TAMS 0x00000000c5600000, 0x00000000c5600000|
|  87|0x00000000c5700000, 0x00000000c5700000, 0x00000000c5800000|  0%| F|  |TS  3|AC  0|TAMS 0x00000000c5700000, 0x00000000c5700000|
|  88|0x00000000c5800000, 0x00000000c5800000, 0x00000000c5900000|  0%| F|  |TS  3|AC  0|TAMS 0x00000000c5800000, 0x00000000c5800000|
|  89|0x00000000c5900000, 0x00000000c5900000, 0x00000000c5a00000|  0%| F|  |TS  3|AC  0|TAMS 0x00000000c5900000, 0x00000000c5900000|
|  90|0x00000000c5a00000, 0x00000000c5a00000, 0x00000000c5b00000|  0%| F|  |TS  3|AC  0|TAMS 0x00000000c5a00000, 0x00000000c5a00000|
|  91|0x00000000c5b00000, 0x00000000c5c00000, 0x00000000c5c00000|100%|HS|  |TS  2|AC  0|TAMS 0x00000000c5b00000, 0x00000000c5b00000|
|  92|0x00000000c5c00000, 0x00000000c5d00000, 0x00000000c5d00000|100%|HS|  |TS  1|AC  0|TAMS 0x00000000c5c00000, 0x00000000c5c00000|
|  93|0x00000000c5d00000, 0x00000000c5e00000, 0x00000000c5e00000|100%|HC|  |TS  1|AC  0|TAMS 0x00000000c5d00000, 0x00000000c5d00000|
|  94|0x00000000c5e00000, 0x00000000c5f00000, 0x00000000c5f00000|100%|HC|  |TS  1|AC  0|TAMS 0x00000000c5e00000, 0x00000000c5e00000|
|  95|0x00000000c5f00000, 0x00000000c6000000, 0x00000000c6000000|100%|HC|  |TS  1|AC  0|TAMS 0x00000000c5f00000, 0x00000000c5f00000|
|  96|0x00000000c6000000, 0x00000000c6100000, 0x00000000c6100000|100%|HC|  |TS  1|AC  0|TAMS 0x00000000c6000000, 0x00000000c6000000|
|  97|0x00000000c6100000, 0x00000000c6100000, 0x00000000c6200000|  0%| F|  |TS  3|AC  0|TAMS 0x00000000c6100000, 0x00000000c6100000|
|  98|0x00000000c6200000, 0x00000000c6300000, 0x00000000c6300000|100%|HS|  |TS  2|AC  0|TAMS 0x00000000c6200000, 0x00000000c6200000|
|  99|0x00000000c6300000, 0x00000000c6400000, 0x00000000c6400000|100%|HS|  |TS  0|AC  0|TAMS 0x00000000c6300000, 0x00000000c6300000|
| 100|0x00000000c6400000, 0x00000000c6500000, 0x00000000c6500000|100%|HC|  |TS  0|AC  0|TAMS 0x00000000c6400000, 0x00000000c6400000|
| 101|0x00000000c6500000, 0x00000000c6600000, 0x00000000c6600000|100%| O|  |TS  0|AC  0|TAMS 0x00000000c6600000, 0x00000000c6600000|
| 102|0x00000000c6600000, 0x00000000c6700000, 0x00000000c6700000|100%| O|  |TS  0|AC  0|TAMS 0x00000000c6700000, 0x00000000c6700000|
| 103|0x00000000c6700000, 0x00000000c6800000, 0x00000000c6800000|100%| O|  |TS  0|AC  0|TAMS 0x00000000c6800000, 0x00000000c6800000|
| 104|0x00000000c6800000, 0x00000000c6900000, 0x00000000c6900000|100%| O|  |TS  0|AC  0|TAMS 0x00000000c6900000, 0x00000000c6900000|
| 105|0x00000000c6900000, 0x00000000c6a00000, 0x00000000c6a00000|100%| O|  |TS  0|AC  0|TAMS 0x00000000c6a00000, 0x00000000c6a00000|
| 106|0x00000000c6a00000, 0x00000000c6b00000, 0x00000000c6b00000|100%| O|  |TS  0|AC  0|TAMS 0x00000000c6b00000, 0x00000000c6b00000|
| 107|0x00000000c6b00000, 0x00000000c6c00000, 0x00000000c6c00000|100%| O|  |TS  0|AC  0|TAMS 0x00000000c6c00000, 0x00000000c6c00000|
| 108|0x00000000c6c00000, 0x00000000c6d00000, 0x00000000c6d00000|100%| O|  |TS  0|AC  0|TAMS 0x00000000c6d00000, 0x00000000c6d00000|
| 109|0x00000000c6d00000, 0x00000000c6d00000, 0x00000000c6e00000|  0%| F|  |TS  3|AC  0|TAMS 0x00000000c6d00000, 0x00000000c6d00000|
| 110|0x00000000c6e00000, 0x00000000c6e00000, 0x00000000c6f00000|  0%| F|  |TS  3|AC  0|TAMS 0x00000000c6e00000, 0x00000000c6e00000|
| 111|0x00000000c6f00000, 0x00000000c6f00000, 0x00000000c7000000|  0%| F|  |TS  3|AC  0|TAMS 0x00000000c6f00000, 0x00000000c6f00000|
| 112|0x00000000c7000000, 0x00000000c7000000, 0x00000000c7100000|  0%| F|  |TS  3|AC  0|TAMS 0x00000000c7000000, 0x00000000c7000000|
| 113|0x00000000c7100000, 0x00000000c7200000, 0x00000000c7200000|100%| O|  |TS  0|AC  0|TAMS 0x00000000c7200000, 0x00000000c7200000|
| 114|0x00000000c7200000, 0x00000000c7200000, 0x00000000c7300000|  0%| F|  |TS  3|AC  0|TAMS 0x00000000c7200000, 0x00000000c7200000|
| 115|0x00000000c7300000, 0x00000000c7300000, 0x00000000c7400000|  0%| F|  |TS  3|AC  0|TAMS 0x00000000c7300000, 0x00000000c7300000|
| 116|0x00000000c7400000, 0x00000000c7500000, 0x00000000c7500000|100%|HS|  |TS  0|AC  0|TAMS 0x00000000c7400000, 0x00000000c7400000|
| 117|0x00000000c7500000, 0x00000000c7500000, 0x00000000c7600000|  0%| F|  |TS  3|AC  0|TAMS 0x00000000c7500000, 0x00000000c7500000|
| 118|0x00000000c7600000, 0x00000000c7600000, 0x00000000c7700000|  0%| F|  |TS  3|AC  0|TAMS 0x00000000c7600000, 0x00000000c7600000|
| 119|0x00000000c7700000, 0x00000000c7700000, 0x00000000c7800000|  0%| F|  |TS  3|AC  0|TAMS 0x00000000c7700000, 0x00000000c7700000|
| 120|0x00000000c7800000, 0x00000000c7800000, 0x00000000c7900000|  0%| F|  |TS  3|AC  0|TAMS 0x00000000c7800000, 0x00000000c7800000|
| 121|0x00000000c7900000, 0x00000000c7900000, 0x00000000c7a00000|  0%| F|  |TS  3|AC  0|TAMS 0x00000000c7900000, 0x00000000c7900000|
| 122|0x00000000c7a00000, 0x00000000c7a00000, 0x00000000c7b00000|  0%| F|  |TS  3|AC  0|TAMS 0x00000000c7a00000, 0x00000000c7a00000|
| 123|0x00000000c7b00000, 0x00000000c7b00000, 0x00000000c7c00000|  0%| F|  |TS  3|AC  0|TAMS 0x00000000c7b00000, 0x00000000c7b00000|
| 124|0x00000000c7c00000, 0x00000000c7c00000, 0x00000000c7d00000|  0%| F|  |TS  3|AC  0|TAMS 0x00000000c7c00000, 0x00000000c7c00000|
| 125|0x00000000c7d00000, 0x00000000c7d00000, 0x00000000c7e00000|  0%| F|  |TS  3|AC  0|TAMS 0x00000000c7d00000, 0x00000000c7d00000|
| 126|0x00000000c7e00000, 0x00000000c7e00000, 0x00000000c7f00000|  0%| F|  |TS  3|AC  0|TAMS 0x00000000c7e00000, 0x00000000c7e00000|
| 127|0x00000000c7f00000, 0x00000000c7f00000, 0x00000000c8000000|  0%| F|  |TS  3|AC  0|TAMS 0x00000000c7f00000, 0x00000000c7f00000|
| 128|0x00000000c8000000, 0x00000000c8000000, 0x00000000c8100000|  0%| F|  |TS  3|AC  0|TAMS 0x00000000c8000000, 0x00000000c8000000|
| 129|0x00000000c8100000, 0x00000000c8200000, 0x00000000c8200000|100%| O|  |TS  0|AC  0|TAMS 0x00000000c8200000, 0x00000000c8200000|
| 130|0x00000000c8200000, 0x00000000c8200000, 0x00000000c8300000|  0%| F|  |TS  3|AC  0|TAMS 0x00000000c8200000, 0x00000000c8200000|
| 131|0x00000000c8300000, 0x00000000c8300000, 0x00000000c8400000|  0%| F|  |TS  3|AC  0|TAMS 0x00000000c8300000, 0x00000000c8300000|
| 132|0x00000000c8400000, 0x00000000c8500000, 0x00000000c8500000|100%| O|  |TS  3|AC  0|TAMS 0x00000000c8400000, 0x00000000c8400000|
| 133|0x00000000c8500000, 0x00000000c8600000, 0x00000000c8600000|100%| O|  |TS  3|AC  0|TAMS 0x00000000c8500000, 0x00000000c8500000|
| 134|0x00000000c8600000, 0x00000000c867c000, 0x00000000c8700000| 48%| O|  |TS  3|AC  0|TAMS 0x00000000c8600000, 0x00000000c8600000|
| 135|0x00000000c8700000, 0x00000000c8700000, 0x00000000c8800000|  0%| F|  |TS  2|AC  0|TAMS 0x00000000c8700000, 0x00000000c8700000|
| 136|0x00000000c8800000, 0x00000000c8800000, 0x00000000c8900000|  0%| F|  |TS  2|AC  0|TAMS 0x00000000c8800000, 0x00000000c8800000|
| 137|0x00000000c8900000, 0x00000000c8a00000, 0x00000000c8a00000|100%|HS|  |TS  1|AC  0|TAMS 0x00000000c8900000, 0x00000000c8900000|
| 138|0x00000000c8a00000, 0x00000000c8b00000, 0x00000000c8b00000|100%|HC|  |TS  1|AC  0|TAMS 0x00000000c8a00000, 0x00000000c8a00000|
| 139|0x00000000c8b00000, 0x00000000c8b00000, 0x00000000c8c00000|  0%| F|  |TS  2|AC  0|TAMS 0x00000000c8b00000, 0x00000000c8b00000|
| 140|0x00000000c8c00000, 0x00000000c8c00000, 0x00000000c8d00000|  0%| F|  |TS  2|AC  0|TAMS 0x00000000c8c00000, 0x00000000c8c00000|
| 141|0x00000000c8d00000, 0x00000000c8d00000, 0x00000000c8e00000|  0%| F|  |TS  2|AC  0|TAMS 0x00000000c8d00000, 0x00000000c8d00000|
| 142|0x00000000c8e00000, 0x00000000c8e00000, 0x00000000c8f00000|  0%| F|  |TS  3|AC  0|TAMS 0x00000000c8e00000, 0x00000000c8e00000|
| 143|0x00000000c8f00000, 0x00000000c8f00000, 0x00000000c9000000|  0%| F|  |TS  2|AC  0|TAMS 0x00000000c8f00000, 0x00000000c8f00000|
| 144|0x00000000c9000000, 0x00000000c9000000, 0x00000000c9100000|  0%| F|  |TS  2|AC  0|TAMS 0x00000000c9000000, 0x00000000c9000000|
| 145|0x00000000c9100000, 0x00000000c9100000, 0x00000000c9200000|  0%| F|  |TS  2|AC  0|TAMS 0x00000000c9100000, 0x00000000c9100000|
| 146|0x00000000c9200000, 0x00000000c9300000, 0x00000000c9300000|100%| O|  |TS  1|AC  0|TAMS 0x00000000c928ea00, 0x00000000c928ea00|
| 147|0x00000000c9300000, 0x00000000c9400000, 0x00000000c9400000|100%|HS|  |TS  0|AC  0|TAMS 0x00000000c9400000, 0x00000000c9400000|
| 148|0x00000000c9400000, 0x00000000c9500000, 0x00000000c9500000|100%|HC|  |TS  0|AC  0|TAMS 0x00000000c9500000, 0x00000000c9500000|
| 149|0x00000000c9500000, 0x00000000c9600000, 0x00000000c9600000|100%|HC|  |TS  0|AC  0|TAMS 0x00000000c9600000, 0x00000000c9600000|
| 150|0x00000000c9600000, 0x00000000c9700000, 0x00000000c9700000|100%|HC|  |TS  0|AC  0|TAMS 0x00000000c9700000, 0x00000000c9700000|
| 151|0x00000000c9700000, 0x00000000c9800000, 0x00000000c9800000|100%|HC|  |TS  0|AC  0|TAMS 0x00000000c9800000, 0x00000000c9800000|
| 152|0x00000000c9800000, 0x00000000c9800000, 0x00000000c9900000|  0%| F|  |TS  2|AC  0|TAMS 0x00000000c9800000, 0x00000000c9800000|
| 153|0x00000000c9900000, 0x00000000c9900000, 0x00000000c9a00000|  0%| F|  |TS  2|AC  0|TAMS 0x00000000c9900000, 0x00000000c9900000|
| 154|0x00000000c9a00000, 0x00000000c9a00000, 0x00000000c9b00000|  0%| F|  |TS  2|AC  0|TAMS 0x00000000c9a00000, 0x00000000c9a00000|
| 155|0x00000000c9b00000, 0x00000000c9c00000, 0x00000000c9c00000|100%|HS|  |TS  1|AC  0|TAMS 0x00000000c9b00000, 0x00000000c9b00000|
| 156|0x00000000c9c00000, 0x00000000c9d00000, 0x00000000c9d00000|100%|HS|  |TS  1|AC  0|TAMS 0x00000000c9c00000, 0x00000000c9c00000|
| 157|0x00000000c9d00000, 0x00000000c9e00000, 0x00000000c9e00000|100%|HC|  |TS  1|AC  0|TAMS 0x00000000c9d00000, 0x00000000c9d00000|
| 158|0x00000000c9e00000, 0x00000000c9e00000, 0x00000000c9f00000|  0%| F|  |TS  2|AC  0|TAMS 0x00000000c9e00000, 0x00000000c9e00000|
| 159|0x00000000c9f00000, 0x00000000c9f00000, 0x00000000ca000000|  0%| F|  |TS  2|AC  0|TAMS 0x00000000c9f00000, 0x00000000c9f00000|
| 160|0x00000000ca000000, 0x00000000ca000000, 0x00000000ca100000|  0%| F|  |TS  2|AC  0|TAMS 0x00000000ca000000, 0x00000000ca000000|
| 161|0x00000000ca100000, 0x00000000ca100000, 0x00000000ca200000|  0%| F|  |TS  2|AC  0|TAMS 0x00000000ca100000, 0x00000000ca100000|
| 162|0x00000000ca200000, 0x00000000ca200000, 0x00000000ca300000|  0%| F|  |TS  2|AC  0|TAMS 0x00000000ca200000, 0x00000000ca200000|
| 163|0x00000000ca300000, 0x00000000ca300000, 0x00000000ca400000|  0%| F|  |TS  2|AC  0|TAMS 0x00000000ca300000, 0x00000000ca300000|
| 164|0x00000000ca400000, 0x00000000ca400000, 0x00000000ca500000|  0%| F|  |TS  2|AC  0|TAMS 0x00000000ca400000, 0x00000000ca400000|
| 165|0x00000000ca500000, 0x00000000ca500000, 0x00000000ca600000|  0%| F|  |TS  2|AC  0|TAMS 0x00000000ca500000, 0x00000000ca500000|
| 166|0x00000000ca600000, 0x00000000ca600000, 0x00000000ca700000|  0%| F|  |TS  2|AC  0|TAMS 0x00000000ca600000, 0x00000000ca600000|
| 167|0x00000000ca700000, 0x00000000ca700000, 0x00000000ca800000|  0%| F|  |TS  2|AC  0|TAMS 0x00000000ca700000, 0x00000000ca700000|
| 168|0x00000000ca800000, 0x00000000ca800000, 0x00000000ca900000|  0%| F|  |TS  3|AC  0|TAMS 0x00000000ca800000, 0x00000000ca800000|
| 169|0x00000000ca900000, 0x00000000caa00000, 0x00000000caa00000|100%| O|  |TS  2|AC  0|TAMS 0x00000000ca900000, 0x00000000ca900000|
| 170|0x00000000caa00000, 0x00000000cab00000, 0x00000000cab00000|100%| O|  |TS  2|AC  0|TAMS 0x00000000caa00000, 0x00000000caa00000|
| 171|0x00000000cab00000, 0x00000000cac00000, 0x00000000cac00000|100%| O|  |TS  2|AC  0|TAMS 0x00000000cab00000, 0x00000000cab00000|
| 172|0x00000000cac00000, 0x00000000cad00000, 0x00000000cad00000|100%| O|  |TS  2|AC  0|TAMS 0x00000000cac00000, 0x00000000cac00000|
| 173|0x00000000cad00000, 0x00000000cae00000, 0x00000000cae00000|100%| O|  |TS  2|AC  0|TAMS 0x00000000cad00000, 0x00000000cad00000|
| 174|0x00000000cae00000, 0x00000000caf00000, 0x00000000caf00000|100%| O|  |TS  3|AC  0|TAMS 0x00000000cae00000, 0x00000000cae00000|
| 175|0x00000000caf00000, 0x00000000caf00000, 0x00000000cb000000|  0%| F|  |TS  0|AC  0|TAMS 0x00000000caf00000, 0x00000000caf00000|
| 176|0x00000000cb000000, 0x00000000cb000000, 0x00000000cb100000|  0%| F|  |TS  0|AC  0|TAMS 0x00000000cb000000, 0x00000000cb000000|
| 177|0x00000000cb100000, 0x00000000cb100000, 0x00000000cb200000|  0%| F|  |TS  0|AC  0|TAMS 0x00000000cb100000, 0x00000000cb100000|
| 178|0x00000000cb200000, 0x00000000cb200000, 0x00000000cb300000|  0%| F|  |TS  0|AC  0|TAMS 0x00000000cb200000, 0x00000000cb200000|
| 179|0x00000000cb300000, 0x00000000cb300000, 0x00000000cb400000|  0%| F|  |TS  0|AC  0|TAMS 0x00000000cb300000, 0x00000000cb300000|
| 180|0x00000000cb400000, 0x00000000cb400000, 0x00000000cb500000|  0%| F|  |TS  0|AC  0|TAMS 0x00000000cb400000, 0x00000000cb400000|
| 181|0x00000000cb500000, 0x00000000cb500000, 0x00000000cb600000|  0%| F|  |TS  2|AC  0|TAMS 0x00000000cb500000, 0x00000000cb500000|
| 182|0x00000000cb600000, 0x00000000cb600000, 0x00000000cb700000|  0%| F|  |TS  2|AC  0|TAMS 0x00000000cb600000, 0x00000000cb600000|
| 183|0x00000000cb700000, 0x00000000cb700000, 0x00000000cb800000|  0%| F|  |TS  2|AC  0|TAMS 0x00000000cb700000, 0x00000000cb700000|
| 184|0x00000000cb800000, 0x00000000cb800000, 0x00000000cb900000|  0%| F|  |TS  2|AC  0|TAMS 0x00000000cb800000, 0x00000000cb800000|
| 185|0x00000000cb900000, 0x00000000cb900000, 0x00000000cba00000|  0%| F|  |TS  1|AC  0|TAMS 0x00000000cb900000, 0x00000000cb900000|
| 186|0x00000000cba00000, 0x00000000cba00000, 0x00000000cbb00000|  0%| F|  |TS  1|AC  0|TAMS 0x00000000cba00000, 0x00000000cba00000|
| 187|0x00000000cbb00000, 0x00000000cbb00000, 0x00000000cbc00000|  0%| F|  |TS  1|AC  0|TAMS 0x00000000cbb00000, 0x00000000cbb00000|
| 188|0x00000000cbc00000, 0x00000000cbc00000, 0x00000000cbd00000|  0%| F|  |TS  1|AC  0|TAMS 0x00000000cbc00000, 0x00000000cbc00000|
| 189|0x00000000cbd00000, 0x00000000cbd00000, 0x00000000cbe00000|  0%| F|  |TS  1|AC  0|TAMS 0x00000000cbd00000, 0x00000000cbd00000|
| 190|0x00000000cbe00000, 0x00000000cbe00000, 0x00000000cbf00000|  0%| F|  |TS  1|AC  0|TAMS 0x00000000cbe00000, 0x00000000cbe00000|
| 191|0x00000000cbf00000, 0x00000000cbf00000, 0x00000000cc000000|  0%| F|  |TS  1|AC  0|TAMS 0x00000000cbf00000, 0x00000000cbf00000|
| 192|0x00000000cc000000, 0x00000000cc000000, 0x00000000cc100000|  0%| F|  |TS  1|AC  0|TAMS 0x00000000cc000000, 0x00000000cc000000|
| 193|0x00000000cc100000, 0x00000000cc100000, 0x00000000cc200000|  0%| F|  |TS  1|AC  0|TAMS 0x00000000cc100000, 0x00000000cc100000|
| 194|0x00000000cc200000, 0x00000000cc200000, 0x00000000cc300000|  0%| F|  |TS  1|AC  0|TAMS 0x00000000cc200000, 0x00000000cc200000|
| 195|0x00000000cc300000, 0x00000000cc300000, 0x00000000cc400000|  0%| F|  |TS  1|AC  0|TAMS 0x00000000cc300000, 0x00000000cc300000|
| 196|0x00000000cc400000, 0x00000000cc400000, 0x00000000cc500000|  0%| F|  |TS  1|AC  0|TAMS 0x00000000cc400000, 0x00000000cc400000|
| 197|0x00000000cc500000, 0x00000000cc500000, 0x00000000cc600000|  0%| F|  |TS  1|AC  0|TAMS 0x00000000cc500000, 0x00000000cc500000|
| 198|0x00000000cc600000, 0x00000000cc600000, 0x00000000cc700000|  0%| F|  |TS  1|AC  0|TAMS 0x00000000cc600000, 0x00000000cc600000|
| 199|0x00000000cc700000, 0x00000000cc800000, 0x00000000cc800000|100%| S|CS|TS  3|AC  0|TAMS 0x00000000cc700000, 0x00000000cc700000|
| 200|0x00000000cc800000, 0x00000000cc900000, 0x00000000cc900000|100%| S|CS|TS  3|AC  0|TAMS 0x00000000cc800000, 0x00000000cc800000|
| 201|0x00000000cc900000, 0x00000000cc900000, 0x00000000cca00000|  0%| F|  |TS  3|AC  0|TAMS 0x00000000cc900000, 0x00000000cc900000|
| 202|0x00000000cca00000, 0x00000000cca00000, 0x00000000ccb00000|  0%| F|  |TS  3|AC  0|TAMS 0x00000000cca00000, 0x00000000cca00000|
| 203|0x00000000ccb00000, 0x00000000ccb00000, 0x00000000ccc00000|  0%| F|  |TS  3|AC  0|TAMS 0x00000000ccb00000, 0x00000000ccb00000|
| 204|0x00000000ccc00000, 0x00000000ccc00000, 0x00000000ccd00000|  0%| F|  |TS  3|AC  0|TAMS 0x00000000ccc00000, 0x00000000ccc00000|
| 205|0x00000000ccd00000, 0x00000000ccd00000, 0x00000000cce00000|  0%| F|  |TS  3|AC  0|TAMS 0x00000000ccd00000, 0x00000000ccd00000|
| 206|0x00000000cce00000, 0x00000000cce00000, 0x00000000ccf00000|  0%| F|  |TS  3|AC  0|TAMS 0x00000000cce00000, 0x00000000cce00000|
| 207|0x00000000ccf00000, 0x00000000ccf00000, 0x00000000cd000000|  0%| F|  |TS  3|AC  0|TAMS 0x00000000ccf00000, 0x00000000ccf00000|
| 208|0x00000000cd000000, 0x00000000cd000000, 0x00000000cd100000|  0%| F|  |TS  3|AC  0|TAMS 0x00000000cd000000, 0x00000000cd000000|
| 209|0x00000000cd100000, 0x00000000cd100000, 0x00000000cd200000|  0%| F|  |TS  3|AC  0|TAMS 0x00000000cd100000, 0x00000000cd100000|
| 210|0x00000000cd200000, 0x00000000cd200000, 0x00000000cd300000|  0%| F|  |TS  3|AC  0|TAMS 0x00000000cd200000, 0x00000000cd200000|

Card table byte_map: [0x00007f377241e000,0x00007f377261e000] byte_map_base: 0x00007f3771e1e000

Marking Bits (Prev, Next): (CMBitMap*) 0x00007f378c04ba18, (CMBitMap*) 0x00007f378c04b9e0
 Prev Bits: [0x00007f377021e000, 0x00007f377121e000)
 Next Bits: [0x00007f377121e000, 0x00007f377221e000)

Polling page: 0x00007f3793c4d000

CodeHeap 'non-profiled nmethods': size=120032Kb used=7802Kb max_used=7802Kb free=112229Kb
 bounds [0x00007f377b3e9000, 0x00007f377bb99000, 0x00007f3782921000]
CodeHeap 'profiled nmethods': size=120028Kb used=25882Kb max_used=25882Kb free=94145Kb
 bounds [0x00007f3773eb2000, 0x00007f3775822000, 0x00007f377b3e9000]
CodeHeap 'non-nmethods': size=5700Kb used=2242Kb max_used=2327Kb free=3457Kb
 bounds [0x00007f3773921000, 0x00007f3773b91000, 0x00007f3773eb2000]
 total_blobs=18624 nmethods=12302 adapters=765
 compilation: enabled

Compilation events (10 events):
Event: 54.643 Thread 0x00007f378c147800 nmethod 14251 0x00007f3775819290 code [0x00007f3775819480, 0x00007f37758198c8]
Event: 54.643 Thread 0x00007f378c147800 14252       3       com.google.common.hash.ChecksumHashFunction$ChecksumHasher::update (13 bytes)
Event: 54.644 Thread 0x00007f378c147800 nmethod 14252 0x00007f3775819a90 code [0x00007f3775819c60, 0x00007f3775819e88]
Event: 55.416 Thread 0x00007f378c147800 14253       3       com.google.common.util.concurrent.AbstractFuture$UnsafeAtomicHelper::casListeners (13 bytes)
Event: 55.483 Thread 0x00007f378c145800 14254   !   4       java.util.zip.Deflater::needsInput (27 bytes)
Event: 56.604 Thread 0x00007f378c147800 nmethod 14253 0x00007f3775819f90 code [0x00007f377581a140, 0x00007f377581a370]
Event: 59.176 Thread 0x00007f378c143800 14255   !   4       java.util.zip.Deflater::finished (19 bytes)
Event: 60.135 Thread 0x00007f378c147800 14256       3       com.google.common.util.concurrent.AbstractFuture$TrustedFuture::<init> (5 bytes)
Event: 60.610 Thread 0x00007f378c141800 14258  s    4       java.io.ByteArrayInputStream::read (101 bytes)
Event: 62.010 Thread 0x00007f378c145800 nmethod 14254 0x00007f377ba2da10 code [0x00007f377ba2dba0, 0x00007f377ba2ddd8]

GC Heap History (10 events):
Event: 15.166 GC heap after
{Heap after GC invocations=30 (full 0):
 garbage-first heap   total 216064K, used 144512K [0x00000000c0000000, 0x0000000100000000)
  region size 1024K, 5 young (5120K), 5 survivors (5120K)
 Metaspace       used 82978K, capacity 85319K, committed 85632K, reserved 1124352K
  class space    used 9987K, capacity 10822K, committed 10880K, reserved 1048576K
}
Event: 53.333 GC heap before
{Heap before GC invocations=30 (full 0):
 garbage-first heap   total 216064K, used 178304K [0x00000000c0000000, 0x0000000100000000)
  region size 1024K, 33 young (33792K), 5 survivors (5120K)
 Metaspace       used 84045K, capacity 86416K, committed 86784K, reserved 1124352K
  class space    used 10060K, capacity 10901K, committed 11008K, reserved 1048576K
}
Event: 53.372 GC heap after
{Heap after GC invocations=31 (full 0):
 garbage-first heap   total 216064K, used 146086K [0x00000000c0000000, 0x0000000100000000)
  region size 1024K, 2 young (2048K), 2 survivors (2048K)
 Metaspace       used 84045K, capacity 86416K, committed 86784K, reserved 1124352K
  class space    used 10060K, capacity 10901K, committed 11008K, reserved 1048576K
}
Event: 54.191 GC heap before
{Heap before GC invocations=31 (full 0):
 garbage-first heap   total 216064K, used 180902K [0x00000000c0000000, 0x0000000100000000)
  region size 1024K, 21 young (21504K), 2 survivors (2048K)
 Metaspace       used 84872K, capacity 87302K, committed 87680K, reserved 1126400K
  class space    used 10164K, capacity 11027K, committed 11136K, reserved 1048576K
}
Event: 54.248 GC heap after
{Heap after GC invocations=32 (full 0):
 garbage-first heap   total 216064K, used 157653K [0x00000000c0000000, 0x0000000100000000)
  region size 1024K, 2 young (2048K), 2 survivors (2048K)
 Metaspace       used 84872K, capacity 87302K, committed 87680K, reserved 1126400K
  class space    used 10164K, capacity 11027K, committed 11136K, reserved 1048576K
}
Event: 54.581 GC heap before
{Heap before GC invocations=33 (full 0):
 garbage-first heap   total 216064K, used 169941K [0x00000000c0000000, 0x0000000100000000)
  region size 1024K, 26 young (26624K), 2 survivors (2048K)
 Metaspace       used 84639K, capacity 86797K, committed 87936K, reserved 1126400K
  class space    used 10051K, capacity 10814K, committed 11136K, reserved 1048576K
}
Event: 54.593 GC heap after
{Heap after GC invocations=34 (full 0):
 garbage-first heap   total 216064K, used 127588K [0x00000000c0000000, 0x0000000100000000)
  region size 1024K, 4 young (4096K), 4 survivors (4096K)
 Metaspace       used 84639K, capacity 86797K, committed 87936K, reserved 1126400K
  class space    used 10051K, capacity 10814K, committed 11136K, reserved 1048576K
}
Event: 56.823 GC heap before
{Heap before GC invocations=34 (full 0):
 garbage-first heap   total 216064K, used 182884K [0x00000000c0000000, 0x0000000100000000)
  region size 1024K, 10 young (10240K), 4 survivors (4096K)
 Metaspace       used 84676K, capacity 86865K, committed 87936K, reserved 1126400K
  class space    used 10052K, capacity 10815K, committed 11136K, reserved 1048576K
}
Event: 58.033 GC heap after
{Heap after GC invocations=35 (full 0):
 garbage-first heap   total 216064K, used 122139K [0x00000000c0000000, 0x0000000100000000)
  region size 1024K, 1 young (1024K), 1 survivors (1024K)
 Metaspace       used 84676K, capacity 86865K, committed 87936K, reserved 1126400K
  class space    used 10052K, capacity 10815K, committed 11136K, reserved 1048576K
}
Event: 62.293 GC heap before
{Heap before GC invocations=35 (full 0):
 garbage-first heap   total 216064K, used 164123K [0x00000000c0000000, 0x0000000100000000)
  region size 1024K, 10 young (10240K), 1 survivors (1024K)
 Metaspace       used 84676K, capacity 86865K, committed 87936K, reserved 1126400K
  class space    used 10052K, capacity 10815K, committed 11136K, reserved 1048576K
}

Deoptimization events (10 events):
Event: 52.840 Thread 0x00007f36d5728000 Uncommon trap: reason=predicate action=maybe_recompile pc=0x00007f377bb04a64 method=java.util.TimSort.reverseRange([Ljava/lang/Object;II)V @ 8 c2
Event: 53.927 Thread 0x00005638f4d9d800 Uncommon trap: reason=unstable_if action=reinterpret pc=0x00007f377b96871c method=com.sun.crypto.provider.PKCS12PBECipherCore.derive([C[BIIILjava/lang/String;I)[B @ 230 c2
Event: 54.035 Thread 0x00005638f4d9d800 Uncommon trap: reason=class_check action=maybe_recompile pc=0x00007f377b8ac910 method=jdk.internal.loader.BuiltinClassLoader.loadClassOrNull(Ljava/lang/String;Z)Ljava/lang/Class; @ 86 c2
Event: 54.061 Thread 0x00005638f4d9d800 Uncommon trap: reason=speculate_null_assert action=make_not_entrant pc=0x00007f377b6080fc method=java.lang.StringCoding.deref(Ljava/lang/ThreadLocal;)Ljava/lang/Object; @ 9 c2
Event: 54.173 Thread 0x00005638f4d9d800 Uncommon trap: reason=class_check action=maybe_recompile pc=0x00007f377b8e94f4 method=com.android.apkzlib.zip.ZipField.checkVerifiesInvariants(J)V @ 25 c2
Event: 54.300 Thread 0x00005638f4d9d800 Uncommon trap: reason=class_check action=maybe_recompile pc=0x00007f377b8e94f4 method=com.android.apkzlib.zip.ZipField.checkVerifiesInvariants(J)V @ 25 c2
Event: 54.502 Thread 0x00005638f4d9d800 Uncommon trap: reason=bimorphic_or_optimized_type_check action=maybe_recompile pc=0x00007f377b59d3a0 method=java.util.zip.InflaterInputStream.read([BII)I @ 100 c2
Event: 54.506 Thread 0x00005638f4d9d800 Uncommon trap: reason=bimorphic_or_optimized_type_check action=maybe_recompile pc=0x00007f377b59d3a0 method=java.util.zip.InflaterInputStream.read([BII)I @ 100 c2
Event: 54.506 Thread 0x00005638f4d9d800 Uncommon trap: reason=bimorphic_or_optimized_type_check action=maybe_recompile pc=0x00007f377b59d3a0 method=java.util.zip.InflaterInputStream.read([BII)I @ 100 c2
Event: 54.508 Thread 0x00005638f4d9d800 Uncommon trap: reason=unstable_if action=reinterpret pc=0x00007f377b969eac method=sun.security.provider.SHA.implDigest([BI)V @ 21 c2

Classes redefined (0 events):
No events

Internal exceptions (10 events):
Event: 34.988 Thread 0x00007f36d4ffc000 Exception <a 'java/io/IOException'{0x00000000cbf5a8f8}> (0x00000000cbf5a8f8) thrown at [/build/openjdk-lts-tXWsoM/openjdk-lts-10.0.1+10/src/hotspot/share/prims/jni.cpp, line 611]
Event: 39.666 Thread 0x00007f36d4ffc000 Exception <a 'java/io/IOException'{0x00000000cbf6fd38}> (0x00000000cbf6fd38) thrown at [/build/openjdk-lts-tXWsoM/openjdk-lts-10.0.1+10/src/hotspot/share/prims/jni.cpp, line 611]
Event: 44.852 Thread 0x00007f36d4ffc000 Exception <a 'java/io/IOException'{0x00000000cbff0128}> (0x00000000cbff0128) thrown at [/build/openjdk-lts-tXWsoM/openjdk-lts-10.0.1+10/src/hotspot/share/prims/jni.cpp, line 611]
Event: 49.221 Thread 0x00007f36d4ffc000 Exception <a 'java/io/IOException'{0x00000000cbe4c2e8}> (0x00000000cbe4c2e8) thrown at [/build/openjdk-lts-tXWsoM/openjdk-lts-10.0.1+10/src/hotspot/share/prims/jni.cpp, line 611]
Event: 53.853 Thread 0x00007f36d4ffc000 Exception <a 'java/io/IOException'{0x00000000cce4f520}> (0x00000000cce4f520) thrown at [/build/openjdk-lts-tXWsoM/openjdk-lts-10.0.1+10/src/hotspot/share/prims/jni.cpp, line 611]
Event: 54.036 Thread 0x00005638f4d9d800 Exception <a 'java/lang/ClassNotFoundException'{0x00000000cc458790}: org/gradle/api/plugins/JavaPluginConventionBeanInfo> (0x00000000cc458790) thrown at [/build/openjdk-lts-tXWsoM/openjdk-lts-10.0.1+10/src/hotspot/share/classfile/systemDictionary.cpp, lin
Event: 54.037 Thread 0x00005638f4d9d800 Exception <a 'java/lang/ClassNotFoundException'{0x00000000cc464550}: org/gradle/api/plugins/JavaPluginConventionCustomizer> (0x00000000cc464550) thrown at [/build/openjdk-lts-tXWsoM/openjdk-lts-10.0.1+10/src/hotspot/share/classfile/systemDictionary.cpp, l
Event: 54.091 Thread 0x00005638f4d9d800 Exception <a 'java/lang/NoSuchMethodError'{0x00000000cc384a90}: java.lang.Object.lambda$comparing$ea9a8b3a$1(Ljava/util/Comparator;Ljava/util/function/Function;Ljava/lang/Object;Ljava/lang/Object;)I> (0x00000000cc384a90) thrown at [/build/openjdk-lts-tXWs
Event: 54.175 Thread 0x00005638f4d9d800 Exception <a 'java/lang/NoSuchMethodError'{0x00000000cc2ece60}: java.lang.Object.lambda$or$2(Ljava/util/function/Predicate;Ljava/lang/Object;)Z> (0x00000000cc2ece60) thrown at [/build/openjdk-lts-tXWsoM/openjdk-lts-10.0.1+10/src/hotspot/share/interpreter/
Event: 61.386 Thread 0x00007f36d4ffc000 Exception <a 'java/io/IOException'{0x00000000cd0c3a48}> (0x00000000cd0c3a48) thrown at [/build/openjdk-lts-tXWsoM/openjdk-lts-10.0.1+10/src/hotspot/share/prims/jni.cpp, line 611]

Events (10 events):
Event: 59.849 Executing VM operation: RevokeBias done
Event: 60.205 Executing VM operation: RevokeBias
Event: 60.566 Executing VM operation: RevokeBias done
Event: 60.825 Executing VM operation: RevokeBias
Event: 60.988 Executing VM operation: RevokeBias done
Event: 61.328 Executing VM operation: RevokeBias
Event: 61.642 Executing VM operation: RevokeBias done
Event: 61.705 Executing VM operation: RevokeBias
Event: 62.000 Executing VM operation: RevokeBias done
Event: 62.105 Executing VM operation: G1IncCollectionPause


Dynamic libraries:
c0000000-cd300000 rw-p 00000000 00:00 0 
d7600000-100000000 ---p 00000000 00:00 0 
100000000-100ae0000 rw-p 00000000 00:00 0 
100ae0000-140000000 ---p 00000000 00:00 0 
5638f3cf6000-5638f3cf7000 r-xp 00000000 103:05 1320028                   /usr/lib/jvm/java-11-openjdk-amd64/bin/java
5638f3ef7000-5638f3ef8000 r--p 00001000 103:05 1320028                   /usr/lib/jvm/java-11-openjdk-amd64/bin/java
5638f3ef8000-5638f3ef9000 rw-p 00002000 103:05 1320028                   /usr/lib/jvm/java-11-openjdk-amd64/bin/java
5638f4d78000-5638f4e04000 rw-p 00000000 00:00 0                          [heap]
7f3668000000-7f3668033000 rw-p 00000000 00:00 0 
7f3668033000-7f366c000000 ---p 00000000 00:00 0 
7f366ded7000-7f366deff000 r-xp 00000000 103:05 1320823                   /usr/lib/jvm/java-11-openjdk-amd64/lib/libsunec.so
7f366deff000-7f366e0ff000 ---p 00028000 103:05 1320823                   /usr/lib/jvm/java-11-openjdk-amd64/lib/libsunec.so
7f366e0ff000-7f366e103000 r--p 00028000 103:05 1320823                   /usr/lib/jvm/java-11-openjdk-amd64/lib/libsunec.so
7f366e103000-7f366e104000 rw-p 0002c000 103:05 1320823                   /usr/lib/jvm/java-11-openjdk-amd64/lib/libsunec.so
7f366e317000-7f366e417000 rw-p 00000000 00:00 0 
7f366e417000-7f366e517000 ---p 00000000 00:00 0 
7f366e517000-7f366eaf1000 rw-p 00000000 00:00 0 
7f366eaf1000-7f366eaf5000 ---p 00000000 00:00 0 
7f366eaf5000-7f366edf2000 rw-p 00000000 00:00 0 
7f366edf2000-7f366eff2000 rw-p 00000000 00:00 0 
7f366eff2000-7f366eff6000 ---p 00000000 00:00 0 
7f366eff6000-7f366f0f3000 rw-p 00000000 00:00 0 
7f366f0f3000-7f366f0f7000 ---p 00000000 00:00 0 
7f366f0f7000-7f366f1f4000 rw-p 00000000 00:00 0 
7f366f1f4000-7f366f1f8000 ---p 00000000 00:00 0 
7f366f1f8000-7f366f2f5000 rw-p 00000000 00:00 0 
7f366f2f5000-7f366f2f9000 ---p 00000000 00:00 0 
7f366f2f9000-7f366f3f6000 rw-p 00000000 00:00 0 
7f366f3f6000-7f366f3fa000 ---p 00000000 00:00 0 
7f366f3fa000-7f366f4f7000 rw-p 00000000 00:00 0 
7f366f4f7000-7f366f4fb000 ---p 00000000 00:00 0 
7f366f4fb000-7f366f5f8000 rw-p 00000000 00:00 0 
7f366f5f8000-7f366f5fc000 ---p 00000000 00:00 0 
7f366f5fc000-7f366f6f9000 rw-p 00000000 00:00 0 
7f366f6f9000-7f366f6fd000 ---p 00000000 00:00 0 
7f366f6fd000-7f366f7fa000 rw-p 00000000 00:00 0 
7f366f7fa000-7f366f7fe000 ---p 00000000 00:00 0 
7f366f7fe000-7f366f8fb000 rw-p 00000000 00:00 0 
7f366f8fb000-7f366f8ff000 ---p 00000000 00:00 0 
7f366f8ff000-7f366f9fc000 rw-p 00000000 00:00 0 
7f366f9fc000-7f366fa00000 ---p 00000000 00:00 0 
7f366fa00000-7f366fafd000 rw-p 00000000 00:00 0 
7f366fafd000-7f366fb01000 ---p 00000000 00:00 0 
7f366fb01000-7f366fbfe000 rw-p 00000000 00:00 0 
7f366fbfe000-7f366fc02000 ---p 00000000 00:00 0 
7f366fc02000-7f366fcff000 rw-p 00000000 00:00 0 
7f366fcff000-7f366fd03000 ---p 00000000 00:00 0 
7f366fd03000-7f3670000000 rw-p 00000000 00:00 0 
7f3670000000-7f367008c000 rw-p 00000000 00:00 0 
7f367008c000-7f3674000000 ---p 00000000 00:00 0 
7f3674000000-7f36740aa000 rw-p 00000000 00:00 0 
7f36740aa000-7f3678000000 ---p 00000000 00:00 0 
7f3678000000-7f3678336000 rw-p 00000000 00:00 0 
7f3678336000-7f367c000000 ---p 00000000 00:00 0 
7f367c000000-7f367c060000 rw-p 00000000 00:00 0 
7f367c060000-7f3680000000 ---p 00000000 00:00 0 
7f3680000000-7f3680061000 rw-p 00000000 00:00 0 
7f3680061000-7f3684000000 ---p 00000000 00:00 0 
7f3684000000-7f3684cec000 rw-p 00000000 00:00 0 
7f3684cec000-7f3688000000 ---p 00000000 00:00 0 
7f3688000000-7f36880d2000 rw-p 00000000 00:00 0 
7f36880d2000-7f368c000000 ---p 00000000 00:00 0 
7f368c000000-7f368c06e000 rw-p 00000000 00:00 0 
7f368c06e000-7f3690000000 ---p 00000000 00:00 0 
7f3690000000-7f369006c000 rw-p 00000000 00:00 0 
7f369006c000-7f3694000000 ---p 00000000 00:00 0 
7f3694000000-7f3694021000 rw-p 00000000 00:00 0 
7f3694021000-7f3698000000 ---p 00000000 00:00 0 
7f3698000000-7f3698021000 rw-p 00000000 00:00 0 
7f3698021000-7f369c000000 ---p 00000000 00:00 0 
7f369c000000-7f369c041000 rw-p 00000000 00:00 0 
7f369c041000-7f36a0000000 ---p 00000000 00:00 0 
7f36a0000000-7f36a005d000 rw-p 00000000 00:00 0 
7f36a005d000-7f36a4000000 ---p 00000000 00:00 0 
7f36a4000000-7f36a4064000 rw-p 00000000 00:00 0 
7f36a4064000-7f36a8000000 ---p 00000000 00:00 0 
7f36a8000000-7f36a8032000 rw-p 00000000 00:00 0 
7f36a8032000-7f36ac000000 ---p 00000000 00:00 0 
7f36ac000000-7f36ac021000 rw-p 00000000 00:00 0 
7f36ac021000-7f36b0000000 ---p 00000000 00:00 0 
7f36b0000000-7f36b006e000 rw-p 00000000 00:00 0 
7f36b006e000-7f36b4000000 ---p 00000000 00:00 0 
7f36b40e5000-7f36b40e9000 ---p 00000000 00:00 0 
7f36b40e9000-7f36b41e6000 rw-p 00000000 00:00 0 
7f36b41e6000-7f36b41ea000 ---p 00000000 00:00 0 
7f36b41ea000-7f36b42e7000 rw-p 00000000 00:00 0 
7f36b42e7000-7f36b42eb000 ---p 00000000 00:00 0 
7f36b42eb000-7f36b43e8000 rw-p 00000000 00:00 0 
7f36b43e8000-7f36b43ec000 ---p 00000000 00:00 0 
7f36b43ec000-7f36b44e9000 rw-p 00000000 00:00 0 
7f36b44e9000-7f36b44ed000 ---p 00000000 00:00 0 
7f36b44ed000-7f36b47ea000 rw-p 00000000 00:00 0 
7f36b47ea000-7f36b47ee000 ---p 00000000 00:00 0 
7f36b47ee000-7f36b48eb000 rw-p 00000000 00:00 0 
7f36b48eb000-7f36b48ef000 ---p 00000000 00:00 0 
7f36b48ef000-7f36b4bec000 rw-p 00000000 00:00 0 
7f36b4bec000-7f36b4dec000 rw-p 00000000 00:00 0 
7f36b4dec000-7f36b4fec000 rw-p 00000000 00:00 0 
7f36b4fec000-7f36b51ec000 rw-p 00000000 00:00 0 
7f36b51ec000-7f36b51f0000 ---p 00000000 00:00 0 
7f36b51f0000-7f36b54ed000 rw-p 00000000 00:00 0 
7f36b54ed000-7f36b54f1000 ---p 00000000 00:00 0 
7f36b54f1000-7f36b55ee000 rw-p 00000000 00:00 0 
7f36b55ee000-7f36b55f2000 ---p 00000000 00:00 0 
7f36b55f2000-7f36b56ef000 rw-p 00000000 00:00 0 
7f36b56ef000-7f36b56f3000 ---p 00000000 00:00 0 
7f36b56f3000-7f36b57f0000 rw-p 00000000 00:00 0 
7f36b57f0000-7f36b57f4000 ---p 00000000 00:00 0 
7f36b57f4000-7f36b58f1000 rw-p 00000000 00:00 0 
7f36b58f1000-7f36b58f5000 ---p 00000000 00:00 0 
7f36b58f5000-7f36b59f2000 rw-p 00000000 00:00 0 
7f36b59f2000-7f36b59f6000 ---p 00000000 00:00 0 
7f36b59f6000-7f36b5af3000 rw-p 00000000 00:00 0 
7f36b5af3000-7f36b5af7000 ---p 00000000 00:00 0 
7f36b5af7000-7f36b5bf4000 rw-p 00000000 00:00 0 
7f36b5bf4000-7f36b5bf8000 ---p 00000000 00:00 0 
7f36b5bf8000-7f36b5cf5000 rw-p 00000000 00:00 0 
7f36b5cf5000-7f36b5cf9000 ---p 00000000 00:00 0 
7f36b5cf9000-7f36b5df6000 rw-p 00000000 00:00 0 
7f36b5df6000-7f36b5dfa000 ---p 00000000 00:00 0 
7f36b5dfa000-7f36b60f7000 rw-p 00000000 00:00 0 
7f36b60f7000-7f36b62f7000 rw-p 00000000 00:00 0 
7f36b62f7000-7f36b64f7000 rw-p 00000000 00:00 0 
7f36b64f7000-7f36b66f7000 rw-p 00000000 00:00 0 
7f36b66f7000-7f36b68f7000 rw-p 00000000 00:00 0 
7f36b68f7000-7f36b6af7000 rw-p 00000000 00:00 0 
7f36b6af7000-7f36b6cf7000 rw-p 00000000 00:00 0 
7f36b6cf7000-7f36b6ef7000 rw-p 00000000 00:00 0 
7f36b6ef7000-7f36b70f7000 rw-p 00000000 00:00 0 
7f36b70f7000-7f36b70fb000 ---p 00000000 00:00 0 
7f36b70fb000-7f36b73f8000 rw-p 00000000 00:00 0 
7f36b73f8000-7f36b75f8000 rw-p 00000000 00:00 0 
7f36b75f8000-7f36b75fc000 ---p 00000000 00:00 0 
7f36b75fc000-7f36b76f9000 rw-p 00000000 00:00 0 
7f36b76f9000-7f36b76fd000 ---p 00000000 00:00 0 
7f36b76fd000-7f36b77fa000 rw-p 00000000 00:00 0 
7f36b77fa000-7f36b77fe000 ---p 00000000 00:00 0 
7f36b77fe000-7f36b78fb000 rw-p 00000000 00:00 0 
7f36b78fb000-7f36b78ff000 ---p 00000000 00:00 0 
7f36b78ff000-7f36b79fc000 rw-p 00000000 00:00 0 
7f36b79fc000-7f36b7a00000 ---p 00000000 00:00 0 
7f36b7a00000-7f36b7afd000 rw-p 00000000 00:00 0 
7f36b7afd000-7f36b7b01000 ---p 00000000 00:00 0 
7f36b7b01000-7f36b7bfe000 rw-p 00000000 00:00 0 
7f36b7bfe000-7f36b7c02000 ---p 00000000 00:00 0 
7f36b7c02000-7f36b7cff000 rw-p 00000000 00:00 0 
7f36b7cff000-7f36b7d03000 ---p 00000000 00:00 0 
7f36b7d03000-7f36b8000000 rw-p 00000000 00:00 0 
7f36b8000000-7f36b8061000 rw-p 00000000 00:00 0 
7f36b8061000-7f36bc000000 ---p 00000000 00:00 0 
7f36bc000000-7f36bc06d000 rw-p 00000000 00:00 0 
7f36bc06d000-7f36c0000000 ---p 00000000 00:00 0 
7f36c0000000-7f36c0065000 rw-p 00000000 00:00 0 
7f36c0065000-7f36c4000000 ---p 00000000 00:00 0 
7f36c4000000-7f36c406f000 rw-p 00000000 00:00 0 
7f36c406f000-7f36c8000000 ---p 00000000 00:00 0 
7f36c8000000-7f36c8048000 rw-p 00000000 00:00 0 
7f36c8048000-7f36cc000000 ---p 00000000 00:00 0 
7f36cc000000-7f36cc021000 rw-p 00000000 00:00 0 
7f36cc021000-7f36d0000000 ---p 00000000 00:00 0 
7f36d0000000-7f36d0021000 rw-p 00000000 00:00 0 
7f36d0021000-7f36d4000000 ---p 00000000 00:00 0 
7f36d4000000-7f36d574f000 rw-p 00000000 00:00 0 
7f36d574f000-7f36d8000000 ---p 00000000 00:00 0 
7f36d8000000-7f36d8023000 rw-p 00000000 00:00 0 
7f36d8023000-7f36dc000000 ---p 00000000 00:00 0 
7f36dc000000-7f36dc030000 rw-p 00000000 00:00 0 
7f36dc030000-7f36e0000000 ---p 00000000 00:00 0 
7f36e0000000-7f36e028e000 rw-p 00000000 00:00 0 
7f36e028e000-7f36e4000000 ---p 00000000 00:00 0 
7f36e4000000-7f36e45b2000 rw-p 00000000 00:00 0 
7f36e45b2000-7f36e8000000 ---p 00000000 00:00 0 
7f36e8000000-7f36e8021000 rw-p 00000000 00:00 0 
7f36e8021000-7f36ec000000 ---p 00000000 00:00 0 
7f36ec000000-7f36ec021000 rw-p 00000000 00:00 0 
7f36ec021000-7f36f0000000 ---p 00000000 00:00 0 
7f36f0000000-7f36f0021000 rw-p 00000000 00:00 0 
7f36f0021000-7f36f4000000 ---p 00000000 00:00 0 
7f36f4000000-7f36f4021000 rw-p 00000000 00:00 0 
7f36f4021000-7f36f8000000 ---p 00000000 00:00 0 
7f36f8000000-7f36f9c8d000 rw-p 00000000 00:00 0 
7f36f9c8d000-7f36fc000000 ---p 00000000 00:00 0 
7f36fc000000-7f36fcbde000 rw-p 00000000 00:00 0 
7f36fcbde000-7f3700000000 ---p 00000000 00:00 0 
7f3700000000-7f3701640000 rw-p 00000000 00:00 0 
7f3701640000-7f3704000000 ---p 00000000 00:00 0 
7f3704000000-7f370574e000 rw-p 00000000 00:00 0 
7f370574e000-7f3708000000 ---p 00000000 00:00 0 
7f3708000000-7f3708021000 rw-p 00000000 00:00 0 
7f3708021000-7f370c000000 ---p 00000000 00:00 0 
7f370c0e0000-7f370c0e4000 ---p 00000000 00:00 0 
7f370c0e4000-7f370c3e1000 rw-p 00000000 00:00 0 
7f370c3e1000-7f370c5e1000 rw-p 00000000 00:00 0 
7f370c5e1000-7f370c7e1000 rw-p 00000000 00:00 0 
7f370c7e1000-7f370c9e1000 rw-p 00000000 00:00 0 
7f370c9e1000-7f370cbe1000 rw-p 00000000 00:00 0 
7f370cbe1000-7f370cde1000 rw-p 00000000 00:00 0 
7f370cde1000-7f370cde5000 ---p 00000000 00:00 0 
7f370cde5000-7f370cee2000 rw-p 00000000 00:00 0 
7f370cee2000-7f370cee6000 ---p 00000000 00:00 0 
7f370cee6000-7f370cfe3000 rw-p 00000000 00:00 0 
7f370cfe3000-7f370cfe7000 ---p 00000000 00:00 0 
7f370cfe7000-7f370d2e4000 rw-p 00000000 00:00 0 
7f370d2e4000-7f370d2e8000 ---p 00000000 00:00 0 
7f370d2e8000-7f370d3e5000 rw-p 00000000 00:00 0 
7f370d3e5000-7f370d3e9000 ---p 00000000 00:00 0 
7f370d3e9000-7f370d4e6000 rw-p 00000000 00:00 0 
7f370d4e6000-7f370d4ea000 ---p 00000000 00:00 0 
7f370d4ea000-7f370d5e7000 rw-p 00000000 00:00 0 
7f370d5e7000-7f370d5eb000 ---p 00000000 00:00 0 
7f370d5eb000-7f370d8e8000 rw-p 00000000 00:00 0 
7f370d8e8000-7f370d8ec000 ---p 00000000 00:00 0 
7f370d8ec000-7f370d9e9000 rw-p 00000000 00:00 0 
7f370d9e9000-7f370d9ed000 ---p 00000000 00:00 0 
7f370d9ed000-7f370daea000 rw-p 00000000 00:00 0 
7f370daea000-7f370daee000 ---p 00000000 00:00 0 
7f370daee000-7f370dbeb000 rw-p 00000000 00:00 0 
7f370dbeb000-7f370dbef000 ---p 00000000 00:00 0 
7f370dbef000-7f370dcec000 rw-p 00000000 00:00 0 
7f370dcec000-7f370dced000 r-xp 00000000 103:05 1320620                   /usr/lib/jvm/java-11-openjdk-amd64/lib/libextnet.so
7f370dced000-7f370deec000 ---p 00001000 103:05 1320620                   /usr/lib/jvm/java-11-openjdk-amd64/lib/libextnet.so
7f370deec000-7f370deed000 r--p 00000000 103:05 1320620                   /usr/lib/jvm/java-11-openjdk-amd64/lib/libextnet.so
7f370deed000-7f370deee000 rw-p 00001000 103:05 1320620                   /usr/lib/jvm/java-11-openjdk-amd64/lib/libextnet.so
7f370deee000-7f370e0ee000 rw-p 00000000 00:00 0 
7f370e0ee000-7f370e0f3000 r-xp 00000000 103:05 1320778                   /usr/lib/jvm/java-11-openjdk-amd64/lib/libmanagement_ext.so
7f370e0f3000-7f370e2f2000 ---p 00005000 103:05 1320778                   /usr/lib/jvm/java-11-openjdk-amd64/lib/libmanagement_ext.so
7f370e2f2000-7f370e2f3000 r--p 00004000 103:05 1320778                   /usr/lib/jvm/java-11-openjdk-amd64/lib/libmanagement_ext.so
7f370e2f3000-7f370e2f4000 rw-p 00005000 103:05 1320778                   /usr/lib/jvm/java-11-openjdk-amd64/lib/libmanagement_ext.so
7f370e2f4000-7f370e2f8000 r-xp 00000000 103:05 1320775                   /usr/lib/jvm/java-11-openjdk-amd64/lib/libmanagement.so
7f370e2f8000-7f370e4f7000 ---p 00004000 103:05 1320775                   /usr/lib/jvm/java-11-openjdk-amd64/lib/libmanagement.so
7f370e4f7000-7f370e4f8000 r--p 00003000 103:05 1320775                   /usr/lib/jvm/java-11-openjdk-amd64/lib/libmanagement.so
7f370e4f8000-7f370e4f9000 rw-p 00004000 103:05 1320775                   /usr/lib/jvm/java-11-openjdk-amd64/lib/libmanagement.so
7f370e4f9000-7f370e6f9000 rw-p 00000000 00:00 0 
7f370e6f9000-7f370e8f9000 rw-p 00000000 00:00 0 
7f370e8f9000-7f370e8fe000 r-xp 00000000 103:05 2512770                   /home/paul/.gradle/native/25/linux-amd64/libnative-platform.so
7f370e8fe000-7f370eafd000 ---p 00005000 103:05 2512770                   /home/paul/.gradle/native/25/linux-amd64/libnative-platform.so
7f370eafd000-7f370eafe000 rw-p 00004000 103:05 2512770                   /home/paul/.gradle/native/25/linux-amd64/libnative-platform.so
7f370eafe000-7f370eb14000 r-xp 00000000 103:05 1320792                   /usr/lib/jvm/java-11-openjdk-amd64/lib/libnet.so
7f370eb14000-7f370ed14000 ---p 00016000 103:05 1320792                   /usr/lib/jvm/java-11-openjdk-amd64/lib/libnet.so
7f370ed14000-7f370ed15000 r--p 00016000 103:05 1320792                   /usr/lib/jvm/java-11-openjdk-amd64/lib/libnet.so
7f370ed15000-7f370ed16000 rw-p 00017000 103:05 1320792                   /usr/lib/jvm/java-11-openjdk-amd64/lib/libnet.so
7f370ed16000-7f370ed27000 r-xp 00000000 103:05 1320800                   /usr/lib/jvm/java-11-openjdk-amd64/lib/libnio.so
7f370ed27000-7f370ef26000 ---p 00011000 103:05 1320800                   /usr/lib/jvm/java-11-openjdk-amd64/lib/libnio.so
7f370ef26000-7f370ef27000 r--p 00010000 103:05 1320800                   /usr/lib/jvm/java-11-openjdk-amd64/lib/libnio.so
7f370ef27000-7f370ef28000 rw-p 00011000 103:05 1320800                   /usr/lib/jvm/java-11-openjdk-amd64/lib/libnio.so
7f370ef28000-7f370ef2c000 ---p 00000000 00:00 0 
7f370ef2c000-7f370f029000 rw-p 00000000 00:00 0 
7f370f029000-7f370f02a000 ---p 00000000 00:00 0 
7f370f02a000-7f370f12b000 rw-p 00000000 00:00 0 
7f370f12b000-7f370f12f000 ---p 00000000 00:00 0 
7f370f12f000-7f370f22c000 rw-p 00000000 00:00 0 
7f370f22c000-7f370f230000 ---p 00000000 00:00 0 
7f370f230000-7f370f32d000 rw-p 00000000 00:00 0 
7f370f32d000-7f370f331000 ---p 00000000 00:00 0 
7f370f331000-7f370f42e000 rw-p 00000000 00:00 0 
7f370f42e000-7f370f432000 ---p 00000000 00:00 0 
7f370f432000-7f370f52f000 rw-p 00000000 00:00 0 
7f370f52f000-7f370f533000 ---p 00000000 00:00 0 
7f370f533000-7f370f630000 rw-p 00000000 00:00 0 
7f370f630000-7f3710000000 r--p 00000000 103:05 1317468                   /usr/lib/locale/locale-archive
7f3710000000-7f3710021000 rw-p 00000000 00:00 0 
7f3710021000-7f3714000000 ---p 00000000 00:00 0 
7f3714000000-7f3714021000 rw-p 00000000 00:00 0 
7f3714021000-7f3718000000 ---p 00000000 00:00 0 
7f3718000000-7f3718021000 rw-p 00000000 00:00 0 
7f3718021000-7f371c000000 ---p 00000000 00:00 0 
7f371c000000-7f371c321000 rw-p 00000000 00:00 0 
7f371c321000-7f3720000000 ---p 00000000 00:00 0 
7f3720000000-7f3720021000 rw-p 00000000 00:00 0 
7f3720021000-7f3724000000 ---p 00000000 00:00 0 
7f3724000000-7f3724021000 rw-p 00000000 00:00 0 
7f3724021000-7f3728000000 ---p 00000000 00:00 0 
7f3728000000-7f3728021000 rw-p 00000000 00:00 0 
7f3728021000-7f372c000000 ---p 00000000 00:00 0 
7f372c000000-7f372c021000 rw-p 00000000 00:00 0 
7f372c021000-7f3730000000 ---p 00000000 00:00 0 
7f3730000000-7f3730032000 rw-p 00000000 00:00 0 
7f3730032000-7f3734000000 ---p 00000000 00:00 0 
7f3734000000-7f3734021000 rw-p 00000000 00:00 0 
7f3734021000-7f3738000000 ---p 00000000 00:00 0 
7f3738000000-7f373807e000 rw-p 00000000 00:00 0 
7f373807e000-7f373c000000 ---p 00000000 00:00 0 
7f373c000000-7f373c03e000 rw-p 00000000 00:00 0 
7f373c03e000-7f3740000000 ---p 00000000 00:00 0 
7f3740000000-7f3740021000 rw-p 00000000 00:00 0 
7f3740021000-7f3744000000 ---p 00000000 00:00 0 
7f3744000000-7f3744021000 rw-p 00000000 00:00 0 
7f3744021000-7f3748000000 ---p 00000000 00:00 0 
7f374800d000-7f3748011000 ---p 00000000 00:00 0 
7f3748011000-7f374810e000 rw-p 00000000 00:00 0 
7f374810e000-7f3748112000 ---p 00000000 00:00 0 
7f3748112000-7f374820f000 rw-p 00000000 00:00 0 
7f374820f000-7f3748213000 ---p 00000000 00:00 0 
7f3748213000-7f3748310000 rw-p 00000000 00:00 0 
7f3748310000-7f3748314000 ---p 00000000 00:00 0 
7f3748314000-7f3748411000 rw-p 00000000 00:00 0 
7f3748411000-7f3748412000 ---p 00000000 00:00 0 
7f3748412000-7f3748de4000 rw-p 00000000 00:00 0 
7f3748de4000-7f3748de5000 ---p 00000000 00:00 0 
7f3748de5000-7f3748ee6000 rw-p 00000000 00:00 0 
7f3748ee6000-7f3748ee7000 ---p 00000000 00:00 0 
7f3748ee7000-7f3748fe8000 rw-p 00000000 00:00 0 
7f3748fe8000-7f3748fe9000 ---p 00000000 00:00 0 
7f3748fe9000-7f37490ea000 rw-p 00000000 00:00 0 
7f37490ea000-7f37490eb000 ---p 00000000 00:00 0 
7f37490eb000-7f37491ec000 rw-p 00000000 00:00 0 
7f37491ec000-7f37491ed000 ---p 00000000 00:00 0 
7f37491ed000-7f37492ee000 rw-p 00000000 00:00 0 
7f37492ee000-7f37492ef000 ---p 00000000 00:00 0 
7f37492ef000-7f37493f0000 rw-p 00000000 00:00 0 
7f37493f0000-7f37493f1000 ---p 00000000 00:00 0 
7f37493f1000-7f37494f2000 rw-p 00000000 00:00 0 
7f37494f2000-7f37494f3000 ---p 00000000 00:00 0 
7f37494f3000-7f37495f4000 rw-p 00000000 00:00 0 
7f37495f4000-7f37495f5000 ---p 00000000 00:00 0 
7f37495f5000-7f374befe000 rw-p 00000000 00:00 0 
7f374befe000-7f374beff000 ---p 00000000 00:00 0 
7f374beff000-7f374c000000 rw-p 00000000 00:00 0 
7f374c000000-7f374c021000 rw-p 00000000 00:00 0 
7f374c021000-7f3750000000 ---p 00000000 00:00 0 
7f3750000000-7f3750021000 rw-p 00000000 00:00 0 
7f3750021000-7f3754000000 ---p 00000000 00:00 0 
7f3754000000-7f3754029000 rw-p 00000000 00:00 0 
7f3754029000-7f3758000000 ---p 00000000 00:00 0 
7f3758000000-7f375802a000 rw-p 00000000 00:00 0 
7f375802a000-7f375c000000 ---p 00000000 00:00 0 
7f375c000000-7f375c022000 rw-p 00000000 00:00 0 
7f375c022000-7f3760000000 ---p 00000000 00:00 0 
7f3760000000-7f3760023000 rw-p 00000000 00:00 0 
7f3760023000-7f3764000000 ---p 00000000 00:00 0 
7f3764000000-7f3764021000 rw-p 00000000 00:00 0 
7f3764021000-7f3768000000 ---p 00000000 00:00 0 
7f3768000000-7f3768030000 rw-p 00000000 00:00 0 
7f3768030000-7f376c000000 ---p 00000000 00:00 0 
7f376c000000-7f376c038000 rw-p 00000000 00:00 0 
7f376c038000-7f3770000000 ---p 00000000 00:00 0 
7f377001a000-7f377001b000 ---p 00000000 00:00 0 
7f377001b000-7f377011c000 rw-p 00000000 00:00 0 
7f377011c000-7f377011d000 ---p 00000000 00:00 0 
7f377011d000-7f377056a000 rw-p 00000000 00:00 0 
7f377056a000-7f377121e000 ---p 00000000 00:00 0 
7f377121e000-7f377156a000 rw-p 00000000 00:00 0 
7f377156a000-7f377221e000 ---p 00000000 00:00 0 
7f377221e000-7f3772288000 rw-p 00000000 00:00 0 
7f3772288000-7f377241e000 ---p 00000000 00:00 0 
7f377241e000-7f3772488000 rw-p 00000000 00:00 0 
7f3772488000-7f377261e000 ---p 00000000 00:00 0 
7f377261e000-7f3772688000 rw-p 00000000 00:00 0 
7f3772688000-7f377281e000 ---p 00000000 00:00 0 
7f377281e000-7f3773026000 rw-p 00000000 00:00 0 
7f3773026000-7f3773027000 ---p 00000000 00:00 0 
7f3773027000-7f3773128000 rw-p 00000000 00:00 0 
7f3773128000-7f3773129000 ---p 00000000 00:00 0 
7f3773129000-7f377322a000 rw-p 00000000 00:00 0 
7f377322a000-7f377322b000 ---p 00000000 00:00 0 
7f377322b000-7f377332c000 rw-p 00000000 00:00 0 
7f377332c000-7f377332d000 ---p 00000000 00:00 0 
7f377332d000-7f377342e000 rw-p 00000000 00:00 0 
7f377342e000-7f377342f000 ---p 00000000 00:00 0 
7f377342f000-7f3773530000 rw-p 00000000 00:00 0 
7f3773530000-7f3773531000 ---p 00000000 00:00 0 
7f3773531000-7f3773632000 rw-p 00000000 00:00 0 
7f3773632000-7f3773633000 ---p 00000000 00:00 0 
7f3773633000-7f3773734000 rw-p 00000000 00:00 0 
7f3773734000-7f3773735000 ---p 00000000 00:00 0 
7f3773735000-7f3773846000 rw-p 00000000 00:00 0 
7f3773846000-7f3773921000 ---p 00000000 00:00 0 
7f3773921000-7f3773b91000 rwxp 00000000 00:00 0 
7f3773b91000-7f3773eb2000 ---p 00000000 00:00 0 
7f3773eb2000-7f3775822000 rwxp 00000000 00:00 0 
7f3775822000-7f377b3e9000 ---p 00000000 00:00 0 
7f377b3e9000-7f377bb99000 rwxp 00000000 00:00 0 
7f377bb99000-7f3782921000 ---p 00000000 00:00 0 
7f3782921000-7f378bdfa000 r--s 00000000 103:05 1320829                   /usr/lib/jvm/java-11-openjdk-amd64/lib/modules
7f378bdfa000-7f378bdff000 r-xp 00000000 103:05 1320663                   /usr/lib/jvm/java-11-openjdk-amd64/lib/libjimage.so
7f378bdff000-7f378bffe000 ---p 00005000 103:05 1320663                   /usr/lib/jvm/java-11-openjdk-amd64/lib/libjimage.so
7f378bffe000-7f378bfff000 r--p 00004000 103:05 1320663                   /usr/lib/jvm/java-11-openjdk-amd64/lib/libjimage.so
7f378bfff000-7f378c000000 rw-p 00005000 103:05 1320663                   /usr/lib/jvm/java-11-openjdk-amd64/lib/libjimage.so
7f378c000000-7f378ce0c000 rw-p 00000000 00:00 0 
7f378ce0c000-7f3790000000 ---p 00000000 00:00 0 
7f3790049000-7f379007c000 rw-p 00000000 00:00 0 
7f379007c000-7f3790134000 ---p 00000000 00:00 0 
7f3790134000-7f379013b000 r-xp 00000000 103:05 1320828                   /usr/lib/jvm/java-11-openjdk-amd64/lib/libzip.so
7f379013b000-7f379033a000 ---p 00007000 103:05 1320828                   /usr/lib/jvm/java-11-openjdk-amd64/lib/libzip.so
7f379033a000-7f379033b000 r--p 00006000 103:05 1320828                   /usr/lib/jvm/java-11-openjdk-amd64/lib/libzip.so
7f379033b000-7f379033c000 rw-p 00007000 103:05 1320828                   /usr/lib/jvm/java-11-openjdk-amd64/lib/libzip.so
7f379033c000-7f3790347000 r-xp 00000000 103:05 660882                    /lib/x86_64-linux-gnu/libnss_files-2.27.so
7f3790347000-7f3790546000 ---p 0000b000 103:05 660882                    /lib/x86_64-linux-gnu/libnss_files-2.27.so
7f3790546000-7f3790547000 r--p 0000a000 103:05 660882                    /lib/x86_64-linux-gnu/libnss_files-2.27.so
7f3790547000-7f3790548000 rw-p 0000b000 103:05 660882                    /lib/x86_64-linux-gnu/libnss_files-2.27.so
7f3790548000-7f379054e000 rw-p 00000000 00:00 0 
7f379054e000-7f3790565000 r-xp 00000000 103:05 660876                    /lib/x86_64-linux-gnu/libnsl-2.27.so
7f3790565000-7f3790764000 ---p 00017000 103:05 660876                    /lib/x86_64-linux-gnu/libnsl-2.27.so
7f3790764000-7f3790765000 r--p 00016000 103:05 660876                    /lib/x86_64-linux-gnu/libnsl-2.27.so
7f3790765000-7f3790766000 rw-p 00017000 103:05 660876                    /lib/x86_64-linux-gnu/libnsl-2.27.so
7f3790766000-7f3790768000 rw-p 00000000 00:00 0 
7f3790768000-7f3790773000 r-xp 00000000 103:05 660893                    /lib/x86_64-linux-gnu/libnss_nis-2.27.so
7f3790773000-7f3790972000 ---p 0000b000 103:05 660893                    /lib/x86_64-linux-gnu/libnss_nis-2.27.so
7f3790972000-7f3790973000 r--p 0000a000 103:05 660893                    /lib/x86_64-linux-gnu/libnss_nis-2.27.so
7f3790973000-7f3790974000 rw-p 0000b000 103:05 660893                    /lib/x86_64-linux-gnu/libnss_nis-2.27.so
7f3790974000-7f379097c000 r-xp 00000000 103:05 660878                    /lib/x86_64-linux-gnu/libnss_compat-2.27.so
7f379097c000-7f3790b7c000 ---p 00008000 103:05 660878                    /lib/x86_64-linux-gnu/libnss_compat-2.27.so
7f3790b7c000-7f3790b7d000 r--p 00008000 103:05 660878                    /lib/x86_64-linux-gnu/libnss_compat-2.27.so
7f3790b7d000-7f3790b7e000 rw-p 00009000 103:05 660878                    /lib/x86_64-linux-gnu/libnss_compat-2.27.so
7f3790b7e000-7f3790baa000 r-xp 00000000 103:05 1320637                   /usr/lib/jvm/java-11-openjdk-amd64/lib/libjava.so
7f3790baa000-7f3790da9000 ---p 0002c000 103:05 1320637                   /usr/lib/jvm/java-11-openjdk-amd64/lib/libjava.so
7f3790da9000-7f3790daa000 r--p 0002b000 103:05 1320637                   /usr/lib/jvm/java-11-openjdk-amd64/lib/libjava.so
7f3790daa000-7f3790dac000 rw-p 0002c000 103:05 1320637                   /usr/lib/jvm/java-11-openjdk-amd64/lib/libjava.so
7f3790dac000-7f3790db9000 r-xp 00000000 103:05 1320827                   /usr/lib/jvm/java-11-openjdk-amd64/lib/libverify.so
7f3790db9000-7f3790fb8000 ---p 0000d000 103:05 1320827                   /usr/lib/jvm/java-11-openjdk-amd64/lib/libverify.so
7f3790fb8000-7f3790fba000 r--p 0000c000 103:05 1320827                   /usr/lib/jvm/java-11-openjdk-amd64/lib/libverify.so
7f3790fba000-7f3790fbb000 rw-p 0000e000 103:05 1320827                   /usr/lib/jvm/java-11-openjdk-amd64/lib/libverify.so
7f3790fbb000-7f3790fc2000 r-xp 00000000 103:05 660933                    /lib/x86_64-linux-gnu/librt-2.27.so
7f3790fc2000-7f37911c1000 ---p 00007000 103:05 660933                    /lib/x86_64-linux-gnu/librt-2.27.so
7f37911c1000-7f37911c2000 r--p 00006000 103:05 660933                    /lib/x86_64-linux-gnu/librt-2.27.so
7f37911c2000-7f37911c3000 rw-p 00007000 103:05 660933                    /lib/x86_64-linux-gnu/librt-2.27.so
7f37911c3000-7f37911da000 r-xp 00000000 103:05 660829                    /lib/x86_64-linux-gnu/libgcc_s.so.1
7f37911da000-7f37913d9000 ---p 00017000 103:05 660829                    /lib/x86_64-linux-gnu/libgcc_s.so.1
7f37913d9000-7f37913da000 r--p 00016000 103:05 660829                    /lib/x86_64-linux-gnu/libgcc_s.so.1
7f37913da000-7f37913db000 rw-p 00017000 103:05 660829                    /lib/x86_64-linux-gnu/libgcc_s.so.1
7f37913db000-7f3791578000 r-xp 00000000 103:05 660855                    /lib/x86_64-linux-gnu/libm-2.27.so
7f3791578000-7f3791777000 ---p 0019d000 103:05 660855                    /lib/x86_64-linux-gnu/libm-2.27.so
7f3791777000-7f3791778000 r--p 0019c000 103:05 660855                    /lib/x86_64-linux-gnu/libm-2.27.so
7f3791778000-7f3791779000 rw-p 0019d000 103:05 660855                    /lib/x86_64-linux-gnu/libm-2.27.so
7f3791779000-7f37918f7000 r-xp 00000000 103:05 1320528                   /usr/lib/x86_64-linux-gnu/libstdc++.so.6.0.25
7f37918f7000-7f3791af7000 ---p 0017e000 103:05 1320528                   /usr/lib/x86_64-linux-gnu/libstdc++.so.6.0.25
7f3791af7000-7f3791b01000 r--p 0017e000 103:05 1320528                   /usr/lib/x86_64-linux-gnu/libstdc++.so.6.0.25
7f3791b01000-7f3791b03000 rw-p 00188000 103:05 1320528                   /usr/lib/x86_64-linux-gnu/libstdc++.so.6.0.25
7f3791b03000-7f3791b07000 rw-p 00000000 00:00 0 
7f3791b07000-7f3792aa4000 r-xp 00000000 103:05 1320834                   /usr/lib/jvm/java-11-openjdk-amd64/lib/server/libjvm.so
7f3792aa4000-7f3792ca4000 ---p 00f9d000 103:05 1320834                   /usr/lib/jvm/java-11-openjdk-amd64/lib/server/libjvm.so
7f3792ca4000-7f3792d68000 r--p 00f9d000 103:05 1320834                   /usr/lib/jvm/java-11-openjdk-amd64/lib/server/libjvm.so
7f3792d68000-7f3792da0000 rw-p 01061000 103:05 1320834                   /usr/lib/jvm/java-11-openjdk-amd64/lib/server/libjvm.so
7f3792da0000-7f3792de9000 rw-p 00000000 00:00 0 
7f3792de9000-7f3792e03000 r-xp 00000000 103:05 660925                    /lib/x86_64-linux-gnu/libpthread-2.27.so
7f3792e03000-7f3793002000 ---p 0001a000 103:05 660925                    /lib/x86_64-linux-gnu/libpthread-2.27.so
7f3793002000-7f3793003000 r--p 00019000 103:05 660925                    /lib/x86_64-linux-gnu/libpthread-2.27.so
7f3793003000-7f3793004000 rw-p 0001a000 103:05 660925                    /lib/x86_64-linux-gnu/libpthread-2.27.so
7f3793004000-7f3793008000 rw-p 00000000 00:00 0 
7f3793008000-7f379300b000 r-xp 00000000 103:05 660815                    /lib/x86_64-linux-gnu/libdl-2.27.so
7f379300b000-7f379320a000 ---p 00003000 103:05 660815                    /lib/x86_64-linux-gnu/libdl-2.27.so
7f379320a000-7f379320b000 r--p 00002000 103:05 660815                    /lib/x86_64-linux-gnu/libdl-2.27.so
7f379320b000-7f379320c000 rw-p 00003000 103:05 660815                    /lib/x86_64-linux-gnu/libdl-2.27.so
7f379320c000-7f3793228000 r-xp 00000000 103:05 660964                    /lib/x86_64-linux-gnu/libz.so.1.2.11
7f3793228000-7f3793427000 ---p 0001c000 103:05 660964                    /lib/x86_64-linux-gnu/libz.so.1.2.11
7f3793427000-7f3793428000 r--p 0001b000 103:05 660964                    /lib/x86_64-linux-gnu/libz.so.1.2.11
7f3793428000-7f3793429000 rw-p 0001c000 103:05 660964                    /lib/x86_64-linux-gnu/libz.so.1.2.11
7f3793429000-7f3793610000 r-xp 00000000 103:05 660792                    /lib/x86_64-linux-gnu/libc-2.27.so
7f3793610000-7f3793810000 ---p 001e7000 103:05 660792                    /lib/x86_64-linux-gnu/libc-2.27.so
7f3793810000-7f3793814000 r--p 001e7000 103:05 660792                    /lib/x86_64-linux-gnu/libc-2.27.so
7f3793814000-7f3793816000 rw-p 001eb000 103:05 660792                    /lib/x86_64-linux-gnu/libc-2.27.so
7f3793816000-7f379381a000 rw-p 00000000 00:00 0 
7f379381a000-7f3793829000 r-xp 00000000 103:05 1320571                   /usr/lib/jvm/java-11-openjdk-amd64/lib/jli/libjli.so
7f3793829000-7f3793a28000 ---p 0000f000 103:05 1320571                   /usr/lib/jvm/java-11-openjdk-amd64/lib/jli/libjli.so
7f3793a28000-7f3793a29000 r--p 0000e000 103:05 1320571                   /usr/lib/jvm/java-11-openjdk-amd64/lib/jli/libjli.so
7f3793a29000-7f3793a2a000 rw-p 0000f000 103:05 1320571                   /usr/lib/jvm/java-11-openjdk-amd64/lib/jli/libjli.so
7f3793a2a000-7f3793a51000 r-xp 00000000 103:05 660764                    /lib/x86_64-linux-gnu/ld-2.27.so
7f3793a72000-7f3793a79000 r--s 00000000 103:05 1574247                   /usr/lib/x86_64-linux-gnu/gconv/gconv-modules.cache
7f3793a79000-7f3793b35000 rw-p 00000000 00:00 0 
7f3793b35000-7f3793b39000 ---p 00000000 00:00 0 
7f3793b39000-7f3793c39000 rw-p 00000000 00:00 0 
7f3793c39000-7f3793c3e000 rw-p 00000000 00:00 0 
7f3793c3e000-7f3793c45000 ---p 00000000 00:00 0 
7f3793c45000-7f3793c4d000 rw-s 00000000 103:05 2648916                   /tmp/hsperfdata_paul/8744
7f3793c4d000-7f3793c4e000 ---p 00000000 00:00 0 
7f3793c4e000-7f3793c4f000 r--p 00000000 00:00 0 
7f3793c4f000-7f3793c51000 rw-p 00000000 00:00 0 
7f3793c51000-7f3793c52000 r--p 00027000 103:05 660764                    /lib/x86_64-linux-gnu/ld-2.27.so
7f3793c52000-7f3793c53000 rw-p 00028000 103:05 660764                    /lib/x86_64-linux-gnu/ld-2.27.so
7f3793c53000-7f3793c54000 rw-p 00000000 00:00 0 
7ffc5bd8c000-7ffc5bdae000 rw-p 00000000 00:00 0                          [stack]
7ffc5bdc3000-7ffc5bdc6000 r--p 00000000 00:00 0                          [vvar]
7ffc5bdc6000-7ffc5bdc8000 r-xp 00000000 00:00 0                          [vdso]
ffffffffff600000-ffffffffff601000 r-xp 00000000 00:00 0                  [vsyscall]


VM Arguments:
jvm_args: -XX:+HeapDumpOnOutOfMemoryError -Xmx1024m -Dfile.encoding=UTF-8 -Duser.country=US -Duser.language=en -Duser.variant 
java_command: org.gradle.launcher.daemon.bootstrap.GradleDaemon 4.4
java_class_path (initial): /home/paul/.gradle/wrapper/dists/gradle-4.4-all/9br9xq1tocpiv8o6njlyu5op1/gradle-4.4/lib/gradle-launcher-4.4.jar
Launcher Type: SUN_STANDARD

Logging:
Log output configuration:
#0: stdout all=warning uptime,level,tags
#1: stderr all=off uptime,level,tags

Environment Variables:
PATH=/home/paul/Documents/Projects/KWC/node_modules/.bin:/home/paul/.config/yarn/link/node_modules/.bin:/home/paul/Documents/Projects/KWC/node_modules/.bin:/home/paul/.config/yarn/link/node_modules/.bin:/home/paul/.yarn/bin:/home/paul/.nvm/versions/node/v8.11.3/libexec/lib/node_modules/npm/bin/node-gyp-bin:/home/paul/.nvm/versions/node/v8.11.3/lib/node_modules/npm/bin/node-gyp-bin:/home/paul/.nvm/versions/node/v8.11.3/bin/node_modules/npm/bin/node-gyp-bin:/home/paul/.nvm/versions/node/v8.11.3/bin:/home/paul/.cargo/bin:/home/paul/.nvm/versions/node/v8.11.3/bin:/home/paul/.cargo/bin:/usr/local/sbin:/usr/local/bin:/usr/sbin:/usr/bin:/sbin:/bin:/usr/games:/usr/local/games:/snap/bin
USERNAME=paul
SHELL=/bin/bash
DISPLAY=:0

Signal Handlers:
SIGSEGV: [libjvm.so+0xd28a90], sa_mask[0]=11111111011111111101111111111110, sa_flags=SA_RESTART|SA_SIGINFO
SIGBUS: [libjvm.so+0xd28a90], sa_mask[0]=11111111011111111101111111111110, sa_flags=SA_RESTART|SA_SIGINFO
SIGFPE: [libjvm.so+0xd28a90], sa_mask[0]=11111111011111111101111111111110, sa_flags=SA_RESTART|SA_SIGINFO
SIGPIPE: [libjvm.so+0xb2a110], sa_mask[0]=11111111011111111101111111111110, sa_flags=SA_RESTART|SA_SIGINFO
SIGXFSZ: [libjvm.so+0xb2a110], sa_mask[0]=11111111011111111101111111111110, sa_flags=SA_RESTART|SA_SIGINFO
SIGILL: [libjvm.so+0xd28a90], sa_mask[0]=11111111011111111101111111111110, sa_flags=SA_RESTART|SA_SIGINFO
SIGUSR2: [libjvm.so+0xb29f50], sa_mask[0]=00100000000000000000000000000000, sa_flags=SA_RESTART|SA_SIGINFO
SIGHUP: [libjvm.so+0xb2a0a0], sa_mask[0]=11111111011111111101111111111110, sa_flags=SA_RESTART|SA_SIGINFO
SIGINT: [libjvm.so+0xb2a0a0], sa_mask[0]=11111111011111111101111111111110, sa_flags=SA_RESTART|SA_SIGINFO
SIGTERM: [libjvm.so+0xb2a0a0], sa_mask[0]=11111111011111111101111111111110, sa_flags=SA_RESTART|SA_SIGINFO
SIGQUIT: [libjvm.so+0xb2a0a0], sa_mask[0]=11111111011111111101111111111110, sa_flags=SA_RESTART|SA_SIGINFO


---------------  S Y S T E M  ---------------

OS:DISTRIB_ID=Ubuntu
DISTRIB_RELEASE=18.04
DISTRIB_CODENAME=bionic
DISTRIB_DESCRIPTION="Ubuntu 18.04 LTS"
uname:Linux 4.15.0-23-generic #25-Ubuntu SMP Wed May 23 18:02:16 UTC 2018 x86_64
libc:glibc 2.27 NPTL 2.27 
rlimit: STACK 8192k, CORE 0k, NPROC 30477, NOFILE 1048576, AS infinity, DATA infinity, FSIZE infinity
load average:20.88 7.41 3.80

/proc/meminfo:
MemTotal:        7924468 kB
MemFree:          107092 kB
MemAvailable:      31924 kB
Buffers:             528 kB
Cached:           292904 kB
SwapCached:         4692 kB
Active:          6441572 kB
Inactive:         938156 kB
Active(anon):    6423916 kB
Inactive(anon):   917064 kB
Active(file):      17656 kB
Inactive(file):    21092 kB
Unevictable:          16 kB
Mlocked:              16 kB
SwapTotal:       2097148 kB
SwapFree:            260 kB
Dirty:               252 kB
Writeback:             0 kB
AnonPages:       7082560 kB
Mapped:           110304 kB
Shmem:            253668 kB
Slab:             181808 kB
SReclaimable:      91180 kB
SUnreclaim:        90628 kB
KernelStack:       23744 kB
PageTables:       117232 kB
NFS_Unstable:          0 kB
Bounce:                0 kB
WritebackTmp:          0 kB
CommitLimit:     6059380 kB
Committed_AS:   27829068 kB
VmallocTotal:   34359738367 kB
VmallocUsed:           0 kB
VmallocChunk:          0 kB
HardwareCorrupted:     0 kB
AnonHugePages:         0 kB
ShmemHugePages:        0 kB
ShmemPmdMapped:        0 kB
CmaTotal:              0 kB
CmaFree:               0 kB
HugePages_Total:       0
HugePages_Free:        0
HugePages_Rsvd:        0
HugePages_Surp:        0
Hugepagesize:       2048 kB
DirectMap4k:      326604 kB
DirectMap2M:     6768640 kB
DirectMap1G:     1048576 kB

container (cgroup) information:
container_type: cgroupv1
cpu_cpuset_cpus: 0-7
cpu_memory_nodes: 0
active_processor_count: 8
cpu_quota: -1
cpu_period: 100000
cpu_shares: -1
memory_limit_in_bytes: -1
memory_and_swap_limit_in_bytes: -2
memory_soft_limit_in_bytes: -1
memory_usage_in_bytes: 7558258688
memory_max_usage_in_bytes: 6983680


CPU:total 8 (initial active 8) (4 cores per cpu, 2 threads per core) family 6 model 142 stepping 10, cmov, cx8, fxsr, mmx, sse, sse2, sse3, ssse3, sse4.1, sse4.2, popcnt, avx, avx2, aes, clmul, erms, 3dnowpref, lzcnt, ht, tsc, tscinvbit, bmi1, bmi2, adx, fma
CPU Model and flags from /proc/cpuinfo:
model name	: Intel(R) Core(TM) i5-8250U CPU @ 1.60GHz
flags		: fpu vme de pse tsc msr pae mce cx8 apic sep mtrr pge mca cmov pat pse36 clflush dts acpi mmx fxsr sse sse2 ss ht tm pbe syscall nx pdpe1gb rdtscp lm constant_tsc art arch_perfmon pebs bts rep_good nopl xtopology nonstop_tsc cpuid aperfmperf tsc_known_freq pni pclmulqdq dtes64 monitor ds_cpl vmx est tm2 ssse3 sdbg fma cx16 xtpr pdcm pcid sse4_1 sse4_2 x2apic movbe popcnt tsc_deadline_timer aes xsave avx f16c rdrand lahf_lm abm 3dnowprefetch cpuid_fault epb invpcid_single pti ssbd ibrs ibpb stibp tpr_shadow vnmi flexpriority ept vpid fsgsbase tsc_adjust bmi1 avx2 smep bmi2 erms invpcid mpx rdseed adx smap clflushopt intel_pt xsaveopt xsavec xgetbv1 xsaves dtherm ida arat pln pts hwp hwp_notify hwp_act_window hwp_epp

Memory: 4k page, physical 7924468k(106144k free), swap 2097148k(296k free)

vm_info: OpenJDK 64-Bit Server VM (10.0.1+10-Ubuntu-3ubuntu1) for linux-amd64 JRE (10.0.1+10-Ubuntu-3ubuntu1), built on Apr 21 2018 13:41:27 by "buildd" with gcc 7.3.0

END.
